<?xml version="1.0" encoding="UTF-8"?>
<testsuite name="MinesweeperTest" tests="1" skipped="0" failures="0" errors="0" timestamp="2020-06-01T17:43:58" hostname="skynet" time="4.399">
  <properties/>
  <testcase name="start" classname="MinesweeperTest" time="4.399"/>
  <system-out><![CDATA[?[1;31m
Start test 1?[0m
How many mines do you want on the field? > 1

 |123456789|
-|---------|
1|.........|
2|.........|
3|.........|
4|.........|
5|.........|
6|.........|
7|.........|
8|.........|
9|.........|
-|---------|
Set/unset mines marks or claim a cell as free: > 8 9 free

 |123456789|
-|---------|
1|///1.1///|
2|///111///|
3|/////////|
4|/////////|
5|/////////|
6|/////////|
7|/////////|
8|/////////|
9|/////////|
-|---------|
Congratulations! You found all mines!
?[1;31m
Start test 2?[0m
How many mines do you want on the field? > 1

 |123456789|
-|---------|
1|.........|
2|.........|
3|.........|
4|.........|
5|.........|
6|.........|
7|.........|
8|.........|
9|.........|
-|---------|
Set/unset mines marks or claim a cell as free: > 1 8 free

 |123456789|
-|---------|
1|/////////|
2|/////////|
3|/////////|
4|/////////|
5|/////////|
6|/////////|
7|/////////|
8|//////111|
9|//////1..|
-|---------|
Set/unset mines marks or claim a cell as free: > 9 9 free

 |123456789|
-|---------|
1|/////////|
2|/////////|
3|/////////|
4|/////////|
5|/////////|
6|/////////|
7|/////////|
8|//////111|
9|//////1.1|
-|---------|
Congratulations! You found all mines!
?[1;31m
Start test 3?[0m
How many mines do you want on the field? > 1

 |123456789|
-|---------|
1|.........|
2|.........|
3|.........|
4|.........|
5|.........|
6|.........|
7|.........|
8|.........|
9|.........|
-|---------|
Set/unset mines marks or claim a cell as free: > 3 9 free

 |123456789|
-|---------|
1|/////////|
2|/////////|
3|/////////|
4|///////11|
5|///////1.|
6|///////11|
7|/////////|
8|/////////|
9|/////////|
-|---------|
Congratulations! You found all mines!
?[1;31m
Start test 4?[0m
How many mines do you want on the field? > 1

 |123456789|
-|---------|
1|.........|
2|.........|
3|.........|
4|.........|
5|.........|
6|.........|
7|.........|
8|.........|
9|.........|
-|---------|
Set/unset mines marks or claim a cell as free: > 6 3 free

 |123456789|
-|---------|
1|..1//////|
2|111//////|
3|/////////|
4|/////////|
5|/////////|
6|/////////|
7|/////////|
8|/////////|
9|/////////|
-|---------|
Set/unset mines marks or claim a cell as free: > 1 1 mine

 |123456789|
-|---------|
1|*.1//////|
2|111//////|
3|/////////|
4|/////////|
5|/////////|
6|/////////|
7|/////////|
8|/////////|
9|/////////|
-|---------|
Set/unset mines marks or claim a cell as free: > 2 1 free
You stepped on a mine and failed!

 |123456789|
-|---------|
1|*X1//////|
2|111//////|
3|/////////|
4|/////////|
5|/////////|
6|/////////|
7|/////////|
8|/////////|
9|/////////|
-|---------|
?[1;31m
Start test 5?[0m
How many mines do you want on the field? > 1

 |123456789|
-|---------|
1|.........|
2|.........|
3|.........|
4|.........|
5|.........|
6|.........|
7|.........|
8|.........|
9|.........|
-|---------|
Set/unset mines marks or claim a cell as free: > 7 6 mine

 |123456789|
-|---------|
1|.........|
2|.........|
3|.........|
4|.........|
5|.........|
6|......*..|
7|.........|
8|.........|
9|.........|
-|---------|
Set/unset mines marks or claim a cell as free: > 4 7 free

 |123456789|
-|---------|
1|/////////|
2|/////////|
3|////111//|
4|////1.1//|
5|////111//|
6|/////////|
7|/////////|
8|/////////|
9|/////////|
-|---------|
Congratulations! You found all mines!
?[1;31m
Start test 6?[0m
How many mines do you want on the field? > 1

 |123456789|
-|---------|
1|.........|
2|.........|
3|.........|
4|.........|
5|.........|
6|.........|
7|.........|
8|.........|
9|.........|
-|---------|
Set/unset mines marks or claim a cell as free: > 5 8 free

 |123456789|
-|---------|
1|/////////|
2|/////////|
3|/////////|
4|/////////|
5|/////111/|
6|/////1.1/|
7|/////111/|
8|/////////|
9|/////////|
-|---------|
Congratulations! You found all mines!
?[1;31m
Start test 7?[0m
How many mines do you want on the field? > 1

 |123456789|
-|---------|
1|.........|
2|.........|
3|.........|
4|.........|
5|.........|
6|.........|
7|.........|
8|.........|
9|.........|
-|---------|
Set/unset mines marks or claim a cell as free: > 6 3 free

 |123456789|
-|---------|
1|/////////|
2|111//////|
3|..1//////|
4|111//////|
5|/////////|
6|/////////|
7|/////////|
8|/////////|
9|/////////|
-|---------|
Set/unset mines marks or claim a cell as free: > 2 3 mine

 |123456789|
-|---------|
1|/////////|
2|111//////|
3|.*1//////|
4|111//////|
5|/////////|
6|/////////|
7|/////////|
8|/////////|
9|/////////|
-|---------|
Congratulations! You found all mines!
?[1;31m
Start test 8?[0m
How many mines do you want on the field? > 1

 |123456789|
-|---------|
1|.........|
2|.........|
3|.........|
4|.........|
5|.........|
6|.........|
7|.........|
8|.........|
9|.........|
-|---------|
Set/unset mines marks or claim a cell as free: > 1 3 free

 |123456789|
-|---------|
1|/////////|
2|/////////|
3|/////////|
4|/////////|
5|/////////|
6|/////////|
7|/////111/|
8|/////1.1/|
9|/////1.1/|
-|---------|
Set/unset mines marks or claim a cell as free: > 7 8 free
You stepped on a mine and failed!

 |123456789|
-|---------|
1|/////////|
2|/////////|
3|/////////|
4|/////////|
5|/////////|
6|/////////|
7|/////111/|
8|/////1X1/|
9|/////1.1/|
-|---------|
?[1;31m
Start test 9?[0m
How many mines do you want on the field? > 1

 |123456789|
-|---------|
1|.........|
2|.........|
3|.........|
4|.........|
5|.........|
6|.........|
7|.........|
8|.........|
9|.........|
-|---------|
Set/unset mines marks or claim a cell as free: > 1 2 mine

 |123456789|
-|---------|
1|.........|
2|*........|
3|.........|
4|.........|
5|.........|
6|.........|
7|.........|
8|.........|
9|.........|
-|---------|
Set/unset mines marks or claim a cell as free: > 1 2 mine

 |123456789|
-|---------|
1|.........|
2|.........|
3|.........|
4|.........|
5|.........|
6|.........|
7|.........|
8|.........|
9|.........|
-|---------|
Set/unset mines marks or claim a cell as free: > 3 9 free

 |123456789|
-|---------|
1|/////////|
2|/////////|
3|/////////|
4|/////////|
5|/////////|
6|/////////|
7|///111///|
8|///1.1///|
9|///1.1///|
-|---------|
Set/unset mines marks or claim a cell as free: > 5 9 free

 |123456789|
-|---------|
1|/////////|
2|/////////|
3|/////////|
4|/////////|
5|/////////|
6|/////////|
7|///111///|
8|///1.1///|
9|///111///|
-|---------|
Congratulations! You found all mines!
?[1;31m
Start test 10?[0m
How many mines do you want on the field? > 1

 |123456789|
-|---------|
1|.........|
2|.........|
3|.........|
4|.........|
5|.........|
6|.........|
7|.........|
8|.........|
9|.........|
-|---------|
Set/unset mines marks or claim a cell as free: > 9 7 free

 |123456789|
-|---------|
1|///////1.|
2|///////1.|
3|///////11|
4|/////////|
5|/////////|
6|/////////|
7|/////////|
8|/////////|
9|/////////|
-|---------|
Set/unset mines marks or claim a cell as free: > 9 2 free
You stepped on a mine and failed!

 |123456789|
-|---------|
1|///////1.|
2|///////1X|
3|///////11|
4|/////////|
5|/////////|
6|/////////|
7|/////////|
8|/////////|
9|/////////|
-|---------|
?[1;31m
Start test 11?[0m
How many mines do you want on the field? > 1

 |123456789|
-|---------|
1|.........|
2|.........|
3|.........|
4|.........|
5|.........|
6|.........|
7|.........|
8|.........|
9|.........|
-|---------|
Set/unset mines marks or claim a cell as free: > 8 6 mine

 |123456789|
-|---------|
1|.........|
2|.........|
3|.........|
4|.........|
5|.........|
6|.......*.|
7|.........|
8|.........|
9|.........|
-|---------|
Set/unset mines marks or claim a cell as free: > 7 1 mine

 |123456789|
-|---------|
1|......*..|
2|.........|
3|.........|
4|.........|
5|.........|
6|.......*.|
7|.........|
8|.........|
9|.........|
-|---------|
Set/unset mines marks or claim a cell as free: > 7 1 mine

 |123456789|
-|---------|
1|.........|
2|.........|
3|.........|
4|.........|
5|.........|
6|.......*.|
7|.........|
8|.........|
9|.........|
-|---------|
Set/unset mines marks or claim a cell as free: > 8 8 free

 |123456789|
-|---------|
1|/////////|
2|/////////|
3|/111/////|
4|/1.1/////|
5|/111/////|
6|/////////|
7|/////////|
8|/////////|
9|/////////|
-|---------|
Congratulations! You found all mines!
?[1;31m
Start test 12?[0m
How many mines do you want on the field? > 1

 |123456789|
-|---------|
1|.........|
2|.........|
3|.........|
4|.........|
5|.........|
6|.........|
7|.........|
8|.........|
9|.........|
-|---------|
Set/unset mines marks or claim a cell as free: > 7 2 free

 |123456789|
-|---------|
1|/////////|
2|/////////|
3|/////////|
4|/////////|
5|/////////|
6|/////////|
7|/////////|
8|/111/////|
9|/1.1/////|
-|---------|
Congratulations! You found all mines!
?[1;31m
Start test 13?[0m
How many mines do you want on the field? > 1

 |123456789|
-|---------|
1|.........|
2|.........|
3|.........|
4|.........|
5|.........|
6|.........|
7|.........|
8|.........|
9|.........|
-|---------|
Set/unset mines marks or claim a cell as free: > 2 2 mine

 |123456789|
-|---------|
1|.........|
2|.*.......|
3|.........|
4|.........|
5|.........|
6|.........|
7|.........|
8|.........|
9|.........|
-|---------|
Set/unset mines marks or claim a cell as free: > 2 2 mine

 |123456789|
-|---------|
1|.........|
2|.........|
3|.........|
4|.........|
5|.........|
6|.........|
7|.........|
8|.........|
9|.........|
-|---------|
Set/unset mines marks or claim a cell as free: > 2 9 free

 |123456789|
-|---------|
1|/////////|
2|/////////|
3|/////////|
4|/////////|
5|/////////|
6|/////////|
7|/////////|
8|/////111/|
9|/////1.1/|
-|---------|
Congratulations! You found all mines!
?[1;31m
Start test 14?[0m
How many mines do you want on the field? > 1

 |123456789|
-|---------|
1|.........|
2|.........|
3|.........|
4|.........|
5|.........|
6|.........|
7|.........|
8|.........|
9|.........|
-|---------|
Set/unset mines marks or claim a cell as free: > 8 5 free

 |123456789|
-|---------|
1|/////////|
2|/////////|
3|/////////|
4|/////////|
5|///111///|
6|///1.1///|
7|///111///|
8|/////////|
9|/////////|
-|---------|
Congratulations! You found all mines!
?[1;31m
Start test 15?[0m
How many mines do you want on the field? > 1

 |123456789|
-|---------|
1|.........|
2|.........|
3|.........|
4|.........|
5|.........|
6|.........|
7|.........|
8|.........|
9|.........|
-|---------|
Set/unset mines marks or claim a cell as free: > 3 1 mine

 |123456789|
-|---------|
1|..*......|
2|.........|
3|.........|
4|.........|
5|.........|
6|.........|
7|.........|
8|.........|
9|.........|
-|---------|
Set/unset mines marks or claim a cell as free: > 1 3 free

 |123456789|
-|---------|
1|/////////|
2|/////////|
3|/////////|
4|////111//|
5|////1.1//|
6|////111//|
7|/////////|
8|/////////|
9|/////////|
-|---------|
Congratulations! You found all mines!
?[1;31m
Start test 16?[0m
How many mines do you want on the field? > 1

 |123456789|
-|---------|
1|.........|
2|.........|
3|.........|
4|.........|
5|.........|
6|.........|
7|.........|
8|.........|
9|.........|
-|---------|
Set/unset mines marks or claim a cell as free: > 6 8 mine

 |123456789|
-|---------|
1|.........|
2|.........|
3|.........|
4|.........|
5|.........|
6|.........|
7|.........|
8|.....*...|
9|.........|
-|---------|
Set/unset mines marks or claim a cell as free: > 8 8 free

 |123456789|
-|---------|
1|/////////|
2|/////////|
3|/111/////|
4|/1.1/////|
5|/111/////|
6|/////////|
7|/////////|
8|/////////|
9|/////////|
-|---------|
Congratulations! You found all mines!
?[1;31m
Start test 17?[0m
How many mines do you want on the field? > 1

 |123456789|
-|---------|
1|.........|
2|.........|
3|.........|
4|.........|
5|.........|
6|.........|
7|.........|
8|.........|
9|.........|
-|---------|
Set/unset mines marks or claim a cell as free: > 6 5 free

 |123456789|
-|---------|
1|/////////|
2|/////////|
3|/////////|
4|/////////|
5|/////////|
6|//////111|
7|//////1..|
8|//////111|
9|/////////|
-|---------|
Set/unset mines marks or claim a cell as free: > 9 7 free

 |123456789|
-|---------|
1|/////////|
2|/////////|
3|/////////|
4|/////////|
5|/////////|
6|//////111|
7|//////1.1|
8|//////111|
9|/////////|
-|---------|
Congratulations! You found all mines!
?[1;31m
Start test 18?[0m
How many mines do you want on the field? > 1

 |123456789|
-|---------|
1|.........|
2|.........|
3|.........|
4|.........|
5|.........|
6|.........|
7|.........|
8|.........|
9|.........|
-|---------|
Set/unset mines marks or claim a cell as free: > 8 5 free

 |123456789|
-|---------|
1|/////////|
2|/////////|
3|/////////|
4|/////////|
5|/////////|
6|/////////|
7|/////////|
8|111//////|
9|..1//////|
-|---------|
Set/unset mines marks or claim a cell as free: > 2 9 free
You stepped on a mine and failed!

 |123456789|
-|---------|
1|/////////|
2|/////////|
3|/////////|
4|/////////|
5|/////////|
6|/////////|
7|/////////|
8|111//////|
9|.X1//////|
-|---------|
?[1;31m
Start test 19?[0m
How many mines do you want on the field? > 1

 |123456789|
-|---------|
1|.........|
2|.........|
3|.........|
4|.........|
5|.........|
6|.........|
7|.........|
8|.........|
9|.........|
-|---------|
Set/unset mines marks or claim a cell as free: > 4 7 mine

 |123456789|
-|---------|
1|.........|
2|.........|
3|.........|
4|.........|
5|.........|
6|.........|
7|...*.....|
8|.........|
9|.........|
-|---------|
Set/unset mines marks or claim a cell as free: > 3 3 free

 |123456789|
-|---------|
1|///////1.|
2|///////1.|
3|///////11|
4|/////////|
5|/////////|
6|/////////|
7|/////////|
8|/////////|
9|/////////|
-|---------|
Set/unset mines marks or claim a cell as free: > 9 1 free

 |123456789|
-|---------|
1|///////11|
2|///////1.|
3|///////11|
4|/////////|
5|/////////|
6|/////////|
7|/////////|
8|/////////|
9|/////////|
-|---------|
Congratulations! You found all mines!
?[1;31m
Start test 20?[0m
How many mines do you want on the field? > 1

 |123456789|
-|---------|
1|.........|
2|.........|
3|.........|
4|.........|
5|.........|
6|.........|
7|.........|
8|.........|
9|.........|
-|---------|
Set/unset mines marks or claim a cell as free: > 1 1 free

 |123456789|
-|---------|
1|/////////|
2|/////////|
3|/////////|
4|/////////|
5|/////////|
6|//////111|
7|//////1..|
8|//////111|
9|/////////|
-|---------|
Set/unset mines marks or claim a cell as free: > 9 7 free

 |123456789|
-|---------|
1|/////////|
2|/////////|
3|/////////|
4|/////////|
5|/////////|
6|//////111|
7|//////1.1|
8|//////111|
9|/////////|
-|---------|
Congratulations! You found all mines!
?[1;31m
Start test 21?[0m
How many mines do you want on the field? > 2

 |123456789|
-|---------|
1|.........|
2|.........|
3|.........|
4|.........|
5|.........|
6|.........|
7|.........|
8|.........|
9|.........|
-|---------|
Set/unset mines marks or claim a cell as free: > 2 2 free

 |123456789|
-|---------|
1|/////////|
2|/////////|
3|////111//|
4|////1.1//|
5|111/111//|
6|..1//////|
7|111//////|
8|/////////|
9|/////////|
-|---------|
Set/unset mines marks or claim a cell as free: > 6 4 free
You stepped on a mine and failed!

 |123456789|
-|---------|
1|/////////|
2|/////////|
3|////111//|
4|////1X1//|
5|111/111//|
6|.X1//////|
7|111//////|
8|/////////|
9|/////////|
-|---------|
?[1;31m
Start test 22?[0m
How many mines do you want on the field? > 2

 |123456789|
-|---------|
1|.........|
2|.........|
3|.........|
4|.........|
5|.........|
6|.........|
7|.........|
8|.........|
9|.........|
-|---------|
Set/unset mines marks or claim a cell as free: > 3 2 free

 |123456789|
-|---------|
1|///1.1///|
2|///1.1///|
3|///111///|
4|/////////|
5|/////////|
6|//////111|
7|//////1..|
8|//////111|
9|/////////|
-|---------|
Set/unset mines marks or claim a cell as free: > 5 1 mine

 |123456789|
-|---------|
1|///1*1///|
2|///1.1///|
3|///111///|
4|/////////|
5|/////////|
6|//////111|
7|//////1..|
8|//////111|
9|/////////|
-|---------|
Set/unset mines marks or claim a cell as free: > 5 2 mine

 |123456789|
-|---------|
1|///1*1///|
2|///1*1///|
3|///111///|
4|/////////|
5|/////////|
6|//////111|
7|//////1..|
8|//////111|
9|/////////|
-|---------|
Set/unset mines marks or claim a cell as free: > 8 7 free
You stepped on a mine and failed!

 |123456789|
-|---------|
1|///1*1///|
2|///1X1///|
3|///111///|
4|/////////|
5|/////////|
6|//////111|
7|//////1X.|
8|//////111|
9|/////////|
-|---------|
?[1;31m
Start test 23?[0m
How many mines do you want on the field? > 2

 |123456789|
-|---------|
1|.........|
2|.........|
3|.........|
4|.........|
5|.........|
6|.........|
7|.........|
8|.........|
9|.........|
-|---------|
Set/unset mines marks or claim a cell as free: > 9 8 free

 |123456789|
-|---------|
1|/////////|
2|/////////|
3|/////////|
4|/////////|
5|11///////|
6|.1///////|
7|11//111//|
8|////1.1//|
9|////1.1//|
-|---------|
Set/unset mines marks or claim a cell as free: > 1 6 free
You stepped on a mine and failed!

 |123456789|
-|---------|
1|/////////|
2|/////////|
3|/////////|
4|/////////|
5|11///////|
6|X1///////|
7|11//111//|
8|////1X1//|
9|////1.1//|
-|---------|
?[1;31m
Start test 24?[0m
How many mines do you want on the field? > 2

 |123456789|
-|---------|
1|.........|
2|.........|
3|.........|
4|.........|
5|.........|
6|.........|
7|.........|
8|.........|
9|.........|
-|---------|
Set/unset mines marks or claim a cell as free: > 3 7 mine

 |123456789|
-|---------|
1|.........|
2|.........|
3|.........|
4|.........|
5|.........|
6|.........|
7|..*......|
8|.........|
9|.........|
-|---------|
Set/unset mines marks or claim a cell as free: > 4 8 free

 |123456789|
-|---------|
1|/////////|
2|/////111/|
3|/////1.21|
4|/////112.|
5|///////11|
6|/////////|
7|/////////|
8|/////////|
9|/////////|
-|---------|
Congratulations! You found all mines!
?[1;31m
Start test 25?[0m
How many mines do you want on the field? > 2

 |123456789|
-|---------|
1|.........|
2|.........|
3|.........|
4|.........|
5|.........|
6|.........|
7|.........|
8|.........|
9|.........|
-|---------|
Set/unset mines marks or claim a cell as free: > 4 6 free

 |123456789|
-|---------|
1|/////1.1/|
2|/////111/|
3|/////////|
4|/////////|
5|///////11|
6|///////1.|
7|///////11|
8|/////////|
9|/////////|
-|---------|
Congratulations! You found all mines!
?[1;31m
Start test 26?[0m
How many mines do you want on the field? > 2

 |123456789|
-|---------|
1|.........|
2|.........|
3|.........|
4|.........|
5|.........|
6|.........|
7|.........|
8|.........|
9|.........|
-|---------|
Set/unset mines marks or claim a cell as free: > 5 4 free

 |123456789|
-|---------|
1|/////////|
2|/////////|
3|/////////|
4|/////////|
5|/////////|
6|/////////|
7|//////111|
8|/////12..|
9|/////1...|
-|---------|
Set/unset mines marks or claim a cell as free: > 8 9 free

 |123456789|
-|---------|
1|/////////|
2|/////////|
3|/////////|
4|/////////|
5|/////////|
6|/////////|
7|//////111|
8|/////12..|
9|/////1.2.|
-|---------|
Set/unset mines marks or claim a cell as free: > 8 8 free
You stepped on a mine and failed!

 |123456789|
-|---------|
1|/////////|
2|/////////|
3|/////////|
4|/////////|
5|/////////|
6|/////////|
7|//////111|
8|/////12X.|
9|/////1X2.|
-|---------|
?[1;31m
Start test 27?[0m
How many mines do you want on the field? > 2

 |123456789|
-|---------|
1|.........|
2|.........|
3|.........|
4|.........|
5|.........|
6|.........|
7|.........|
8|.........|
9|.........|
-|---------|
Set/unset mines marks or claim a cell as free: > 3 2 free

 |123456789|
-|---------|
1|/////////|
2|/////////|
3|/////////|
4|111//////|
5|..1//////|
6|1221/////|
7|/1.1/////|
8|/111/////|
9|/////////|
-|---------|
Set/unset mines marks or claim a cell as free: > 3 7 mine

 |123456789|
-|---------|
1|/////////|
2|/////////|
3|/////////|
4|111//////|
5|..1//////|
6|1221/////|
7|/1*1/////|
8|/111/////|
9|/////////|
-|---------|
Set/unset mines marks or claim a cell as free: > 3 7 mine

 |123456789|
-|---------|
1|/////////|
2|/////////|
3|/////////|
4|111//////|
5|..1//////|
6|1221/////|
7|/1.1/////|
8|/111/////|
9|/////////|
-|---------|
Set/unset mines marks or claim a cell as free: > 1 5 mine

 |123456789|
-|---------|
1|/////////|
2|/////////|
3|/////////|
4|111//////|
5|*.1//////|
6|1221/////|
7|/1.1/////|
8|/111/////|
9|/////////|
-|---------|
Set/unset mines marks or claim a cell as free: > 2 5 free
You stepped on a mine and failed!

 |123456789|
-|---------|
1|/////////|
2|/////////|
3|/////////|
4|111//////|
5|*X1//////|
6|1221/////|
7|/1X1/////|
8|/111/////|
9|/////////|
-|---------|
?[1;31m
Start test 28?[0m
How many mines do you want on the field? > 2

 |123456789|
-|---------|
1|.........|
2|.........|
3|.........|
4|.........|
5|.........|
6|.........|
7|.........|
8|.........|
9|.........|
-|---------|
Set/unset mines marks or claim a cell as free: > 3 7 mine

 |123456789|
-|---------|
1|.........|
2|.........|
3|.........|
4|.........|
5|.........|
6|.........|
7|..*......|
8|.........|
9|.........|
-|---------|
Set/unset mines marks or claim a cell as free: > 8 6 free

 |123456789|
-|---------|
1|/////////|
2|111//////|
3|..1//////|
4|111//////|
5|/////////|
6|/////////|
7|////111//|
8|////1.1//|
9|////1.1//|
-|---------|
Set/unset mines marks or claim a cell as free: > 1 3 mine

 |123456789|
-|---------|
1|/////////|
2|111//////|
3|*.1//////|
4|111//////|
5|/////////|
6|/////////|
7|////111//|
8|////1.1//|
9|////1.1//|
-|---------|
Set/unset mines marks or claim a cell as free: > 6 9 mine

 |123456789|
-|---------|
1|/////////|
2|111//////|
3|*.1//////|
4|111//////|
5|/////////|
6|/////////|
7|////111//|
8|////1.1//|
9|////1*1//|
-|---------|
Set/unset mines marks or claim a cell as free: > 2 3 free
You stepped on a mine and failed!

 |123456789|
-|---------|
1|/////////|
2|111//////|
3|*X1//////|
4|111//////|
5|/////////|
6|/////////|
7|////111//|
8|////1X1//|
9|////1*1//|
-|---------|
?[1;31m
Start test 29?[0m
How many mines do you want on the field? > 2

 |123456789|
-|---------|
1|.........|
2|.........|
3|.........|
4|.........|
5|.........|
6|.........|
7|.........|
8|.........|
9|.........|
-|---------|
Set/unset mines marks or claim a cell as free: > 3 1 free

 |123456789|
-|---------|
1|/////1.1/|
2|/////111/|
3|/////////|
4|/////////|
5|/////////|
6|/////////|
7|/////////|
8|/////111/|
9|/////1.1/|
-|---------|
Congratulations! You found all mines!
?[1;31m
Start test 30?[0m
How many mines do you want on the field? > 2

 |123456789|
-|---------|
1|.........|
2|.........|
3|.........|
4|.........|
5|.........|
6|.........|
7|.........|
8|.........|
9|.........|
-|---------|
Set/unset mines marks or claim a cell as free: > 7 8 free

 |123456789|
-|---------|
1|.1///////|
2|.1///////|
3|11///////|
4|///111///|
5|///1.1///|
6|///111///|
7|/////////|
8|/////////|
9|/////////|
-|---------|
Set/unset mines marks or claim a cell as free: > 1 2 free
You stepped on a mine and failed!

 |123456789|
-|---------|
1|.1///////|
2|X1///////|
3|11///////|
4|///111///|
5|///1X1///|
6|///111///|
7|/////////|
8|/////////|
9|/////////|
-|---------|
?[1;31m
Start test 31?[0m
How many mines do you want on the field? > 2

 |123456789|
-|---------|
1|.........|
2|.........|
3|.........|
4|.........|
5|.........|
6|.........|
7|.........|
8|.........|
9|.........|
-|---------|
Set/unset mines marks or claim a cell as free: > 3 3 mine

 |123456789|
-|---------|
1|.........|
2|.........|
3|..*......|
4|.........|
5|.........|
6|.........|
7|.........|
8|.........|
9|.........|
-|---------|
Set/unset mines marks or claim a cell as free: > 3 4 free

 |123456789|
-|---------|
1|.........|
2|.........|
3|..*......|
4|..1......|
5|.........|
6|.........|
7|.........|
8|.........|
9|.........|
-|---------|
Set/unset mines marks or claim a cell as free: > 5 9 free

 |123456789|
-|---------|
1|/////////|
2|/////////|
3|/////////|
4|/111/////|
5|/1.1/////|
6|/1221////|
7|//1.1////|
8|//111////|
9|/////////|
-|---------|
Congratulations! You found all mines!
?[1;31m
Start test 32?[0m
How many mines do you want on the field? > 2

 |123456789|
-|---------|
1|.........|
2|.........|
3|.........|
4|.........|
5|.........|
6|.........|
7|.........|
8|.........|
9|.........|
-|---------|
Set/unset mines marks or claim a cell as free: > 1 7 mine

 |123456789|
-|---------|
1|.........|
2|.........|
3|.........|
4|.........|
5|.........|
6|.........|
7|*........|
8|.........|
9|.........|
-|---------|
Set/unset mines marks or claim a cell as free: > 9 1 free

 |123456789|
-|---------|
1|/////////|
2|/////////|
3|//111////|
4|112.1////|
5|..211////|
6|111//////|
7|/////////|
8|/////////|
9|/////////|
-|---------|
Set/unset mines marks or claim a cell as free: > 2 5 mine

 |123456789|
-|---------|
1|/////////|
2|/////////|
3|//111////|
4|112.1////|
5|.*211////|
6|111//////|
7|/////////|
8|/////////|
9|/////////|
-|---------|
Set/unset mines marks or claim a cell as free: > 1 5 free

 |123456789|
-|---------|
1|/////////|
2|/////////|
3|//111////|
4|112.1////|
5|1*211////|
6|111//////|
7|/////////|
8|/////////|
9|/////////|
-|---------|
Congratulations! You found all mines!
?[1;31m
Start test 33?[0m
How many mines do you want on the field? > 2

 |123456789|
-|---------|
1|.........|
2|.........|
3|.........|
4|.........|
5|.........|
6|.........|
7|.........|
8|.........|
9|.........|
-|---------|
Set/unset mines marks or claim a cell as free: > 9 2 free

 |123456789|
-|---------|
1|/////////|
2|/////////|
3|/////////|
4|////111//|
5|////1.1//|
6|//11211//|
7|//1.1////|
8|//111////|
9|/////////|
-|---------|
Congratulations! You found all mines!
?[1;31m
Start test 34?[0m
How many mines do you want on the field? > 2

 |123456789|
-|---------|
1|.........|
2|.........|
3|.........|
4|.........|
5|.........|
6|.........|
7|.........|
8|.........|
9|.........|
-|---------|
Set/unset mines marks or claim a cell as free: > 4 8 free

 |123456789|
-|---------|
1|.........|
2|.........|
3|.........|
4|.........|
5|.........|
6|.........|
7|.........|
8|...1.....|
9|.........|
-|---------|
Set/unset mines marks or claim a cell as free: > 9 6 free

 |123456789|
-|---------|
1|.........|
2|.........|
3|.........|
4|.........|
5|.........|
6|........1|
7|.........|
8|...1.....|
9|.........|
-|---------|
Set/unset mines marks or claim a cell as free: > 7 1 free

 |123456789|
-|---------|
1|/////////|
2|/////////|
3|/////////|
4|//////111|
5|//////1..|
6|/111//111|
7|/1.1/////|
8|/111/////|
9|/////////|
-|---------|
Set/unset mines marks or claim a cell as free: > 9 5 free

 |123456789|
-|---------|
1|/////////|
2|/////////|
3|/////////|
4|//////111|
5|//////1.1|
6|/111//111|
7|/1.1/////|
8|/111/////|
9|/////////|
-|---------|
Congratulations! You found all mines!
?[1;31m
Start test 35?[0m
How many mines do you want on the field? > 2

 |123456789|
-|---------|
1|.........|
2|.........|
3|.........|
4|.........|
5|.........|
6|.........|
7|.........|
8|.........|
9|.........|
-|---------|
Set/unset mines marks or claim a cell as free: > 5 5 mine

 |123456789|
-|---------|
1|.........|
2|.........|
3|.........|
4|.........|
5|....*....|
6|.........|
7|.........|
8|.........|
9|.........|
-|---------|
Set/unset mines marks or claim a cell as free: > 3 2 free

 |123456789|
-|---------|
1|.........|
2|..1......|
3|.........|
4|.........|
5|....*....|
6|.........|
7|.........|
8|.........|
9|.........|
-|---------|
Set/unset mines marks or claim a cell as free: > 4 3 free

 |123456789|
-|---------|
1|/1.1/////|
2|/111/////|
3|/////////|
4|/////////|
5|////111//|
6|////1.1//|
7|////111//|
8|/////////|
9|/////////|
-|---------|
Congratulations! You found all mines!
?[1;31m
Start test 36?[0m
How many mines do you want on the field? > 2

 |123456789|
-|---------|
1|.........|
2|.........|
3|.........|
4|.........|
5|.........|
6|.........|
7|.........|
8|.........|
9|.........|
-|---------|
Set/unset mines marks or claim a cell as free: > 4 1 free

 |123456789|
-|---------|
1|/////////|
2|/////////|
3|/////////|
4|111//////|
5|..1//////|
6|111//////|
7|/////////|
8|/111/////|
9|/1.1/////|
-|---------|
Set/unset mines marks or claim a cell as free: > 3 9 free
You stepped on a mine and failed!

 |123456789|
-|---------|
1|/////////|
2|/////////|
3|/////////|
4|111//////|
5|.X1//////|
6|111//////|
7|/////////|
8|/111/////|
9|/1X1/////|
-|---------|
?[1;31m
Start test 37?[0m
How many mines do you want on the field? > 2

 |123456789|
-|---------|
1|.........|
2|.........|
3|.........|
4|.........|
5|.........|
6|.........|
7|.........|
8|.........|
9|.........|
-|---------|
Set/unset mines marks or claim a cell as free: > 1 5 mine

 |123456789|
-|---------|
1|.........|
2|.........|
3|.........|
4|.........|
5|*........|
6|.........|
7|.........|
8|.........|
9|.........|
-|---------|
Set/unset mines marks or claim a cell as free: > 1 5 mine

 |123456789|
-|---------|
1|.........|
2|.........|
3|.........|
4|.........|
5|.........|
6|.........|
7|.........|
8|.........|
9|.........|
-|---------|
Set/unset mines marks or claim a cell as free: > 1 9 mine

 |123456789|
-|---------|
1|.........|
2|.........|
3|.........|
4|.........|
5|.........|
6|.........|
7|.........|
8|.........|
9|*........|
-|---------|
Set/unset mines marks or claim a cell as free: > 9 7 free

 |123456789|
-|---------|
1|..1//////|
2|111///111|
3|//////1..|
4|//////111|
5|/////////|
6|/////////|
7|/////////|
8|/////////|
9|/////////|
-|---------|
Set/unset mines marks or claim a cell as free: > 2 1 free
You stepped on a mine and failed!

 |123456789|
-|---------|
1|.X1//////|
2|111///111|
3|//////1X.|
4|//////111|
5|/////////|
6|/////////|
7|/////////|
8|/////////|
9|/////////|
-|---------|
?[1;31m
Start test 38?[0m
How many mines do you want on the field? > 2

 |123456789|
-|---------|
1|.........|
2|.........|
3|.........|
4|.........|
5|.........|
6|.........|
7|.........|
8|.........|
9|.........|
-|---------|
Set/unset mines marks or claim a cell as free: > 9 6 free

 |123456789|
-|---------|
1|/////////|
2|//111////|
3|//1.1////|
4|//111////|
5|/////////|
6|111//////|
7|..1//////|
8|111//////|
9|/////////|
-|---------|
Set/unset mines marks or claim a cell as free: > 4 3 free
You stepped on a mine and failed!

 |123456789|
-|---------|
1|/////////|
2|//111////|
3|//1X1////|
4|//111////|
5|/////////|
6|111//////|
7|.X1//////|
8|111//////|
9|/////////|
-|---------|
?[1;31m
Start test 39?[0m
How many mines do you want on the field? > 2

 |123456789|
-|---------|
1|.........|
2|.........|
3|.........|
4|.........|
5|.........|
6|.........|
7|.........|
8|.........|
9|.........|
-|---------|
Set/unset mines marks or claim a cell as free: > 1 1 free

 |123456789|
-|---------|
1|1........|
2|.........|
3|.........|
4|.........|
5|.........|
6|.........|
7|.........|
8|.........|
9|.........|
-|---------|
Set/unset mines marks or claim a cell as free: > 2 5 mine

 |123456789|
-|---------|
1|1........|
2|.........|
3|.........|
4|.........|
5|.*.......|
6|.........|
7|.........|
8|.........|
9|.........|
-|---------|
Set/unset mines marks or claim a cell as free: > 2 5 mine

 |123456789|
-|---------|
1|1........|
2|.........|
3|.........|
4|.........|
5|.........|
6|.........|
7|.........|
8|.........|
9|.........|
-|---------|
Set/unset mines marks or claim a cell as free: > 3 8 free

 |123456789|
-|---------|
1|1........|
2|.........|
3|.........|
4|.........|
5|.........|
6|.........|
7|.........|
8|..1......|
9|.........|
-|---------|
Set/unset mines marks or claim a cell as free: > 6 6 mine

 |123456789|
-|---------|
1|1........|
2|.........|
3|.........|
4|.........|
5|.........|
6|.....*...|
7|.........|
8|..1......|
9|.........|
-|---------|
Set/unset mines marks or claim a cell as free: > 8 2 free

 |123456789|
-|---------|
1|1.1//////|
2|111//////|
3|/////////|
4|/////////|
5|/////////|
6|/////////|
7|/////////|
8|111//////|
9|..1//////|
-|---------|
Set/unset mines marks or claim a cell as free: > 2 1 free
You stepped on a mine and failed!

 |123456789|
-|---------|
1|1X1//////|
2|111//////|
3|/////////|
4|/////////|
5|/////////|
6|/////////|
7|/////////|
8|111//////|
9|.X1//////|
-|---------|
?[1;31m
Start test 40?[0m
How many mines do you want on the field? > 2

 |123456789|
-|---------|
1|.........|
2|.........|
3|.........|
4|.........|
5|.........|
6|.........|
7|.........|
8|.........|
9|.........|
-|---------|
Set/unset mines marks or claim a cell as free: > 8 5 free

 |123456789|
-|---------|
1|/////////|
2|/////////|
3|/////////|
4|////111//|
5|////1.1//|
6|////111//|
7|///////11|
8|///////1.|
9|///////1.|
-|---------|
Set/unset mines marks or claim a cell as free: > 6 5 free
You stepped on a mine and failed!

 |123456789|
-|---------|
1|/////////|
2|/////////|
3|/////////|
4|////111//|
5|////1X1//|
6|////111//|
7|///////11|
8|///////1X|
9|///////1.|
-|---------|
?[1;31m
Start test 41?[0m
How many mines do you want on the field? > 3

 |123456789|
-|---------|
1|.........|
2|.........|
3|.........|
4|.........|
5|.........|
6|.........|
7|.........|
8|.........|
9|.........|
-|---------|
Set/unset mines marks or claim a cell as free: > 6 4 free

 |123456789|
-|---------|
1|//////1..|
2|//////1..|
3|//////111|
4|11///////|
5|.1///////|
6|11///////|
7|/////////|
8|111//////|
9|..1//////|
-|---------|
Set/unset mines marks or claim a cell as free: > 8 2 mine

 |123456789|
-|---------|
1|//////1..|
2|//////1*.|
3|//////111|
4|11///////|
5|.1///////|
6|11///////|
7|/////////|
8|111//////|
9|..1//////|
-|---------|
Set/unset mines marks or claim a cell as free: > 8 2 mine

 |123456789|
-|---------|
1|//////1..|
2|//////1..|
3|//////111|
4|11///////|
5|.1///////|
6|11///////|
7|/////////|
8|111//////|
9|..1//////|
-|---------|
Set/unset mines marks or claim a cell as free: > 1 9 free

 |123456789|
-|---------|
1|//////1..|
2|//////1..|
3|//////111|
4|11///////|
5|.1///////|
6|11///////|
7|/////////|
8|111//////|
9|1.1//////|
-|---------|
Set/unset mines marks or claim a cell as free: > 9 1 free

 |123456789|
-|---------|
1|//////1.1|
2|//////1..|
3|//////111|
4|11///////|
5|.1///////|
6|11///////|
7|/////////|
8|111//////|
9|1.1//////|
-|---------|
Set/unset mines marks or claim a cell as free: > 8 2 mine

 |123456789|
-|---------|
1|//////1.1|
2|//////1*.|
3|//////111|
4|11///////|
5|.1///////|
6|11///////|
7|/////////|
8|111//////|
9|1.1//////|
-|---------|
Set/unset mines marks or claim a cell as free: > 2 9 free
You stepped on a mine and failed!

 |123456789|
-|---------|
1|//////1.1|
2|//////1X.|
3|//////111|
4|11///////|
5|X1///////|
6|11///////|
7|/////////|
8|111//////|
9|1X1//////|
-|---------|
?[1;31m
Start test 42?[0m
How many mines do you want on the field? > 3

 |123456789|
-|---------|
1|.........|
2|.........|
3|.........|
4|.........|
5|.........|
6|.........|
7|.........|
8|.........|
9|.........|
-|---------|
Set/unset mines marks or claim a cell as free: > 3 5 free

 |123456789|
-|---------|
1|///////1.|
2|///////1.|
3|///////11|
4|/////////|
5|/////////|
6|//////122|
7|//////1..|
8|//////122|
9|/////////|
-|---------|
Set/unset mines marks or claim a cell as free: > 9 2 mine

 |123456789|
-|---------|
1|///////1.|
2|///////1*|
3|///////11|
4|/////////|
5|/////////|
6|//////122|
7|//////1..|
8|//////122|
9|/////////|
-|---------|
Set/unset mines marks or claim a cell as free: > 9 7 free
You stepped on a mine and failed!

 |123456789|
-|---------|
1|///////1.|
2|///////1X|
3|///////11|
4|/////////|
5|/////////|
6|//////122|
7|//////1XX|
8|//////122|
9|/////////|
-|---------|
?[1;31m
Start test 43?[0m
How many mines do you want on the field? > 3

 |123456789|
-|---------|
1|.........|
2|.........|
3|.........|
4|.........|
5|.........|
6|.........|
7|.........|
8|.........|
9|.........|
-|---------|
Set/unset mines marks or claim a cell as free: > 3 4 free

 |123456789|
-|---------|
1|.........|
2|.........|
3|.........|
4|..1......|
5|.........|
6|.........|
7|.........|
8|.........|
9|.........|
-|---------|
Set/unset mines marks or claim a cell as free: > 2 8 free

 |123456789|
-|---------|
1|/////////|
2|/11211///|
3|/1...1///|
4|/11211///|
5|/////////|
6|/////////|
7|////111//|
8|////1.1//|
9|////1.1//|
-|---------|
Set/unset mines marks or claim a cell as free: > 5 3 free
You stepped on a mine and failed!

 |123456789|
-|---------|
1|/////////|
2|/11211///|
3|/1X.X1///|
4|/11211///|
5|/////////|
6|/////////|
7|////111//|
8|////1X1//|
9|////1.1//|
-|---------|
?[1;31m
Start test 44?[0m
How many mines do you want on the field? > 3

 |123456789|
-|---------|
1|.........|
2|.........|
3|.........|
4|.........|
5|.........|
6|.........|
7|.........|
8|.........|
9|.........|
-|---------|
Set/unset mines marks or claim a cell as free: > 3 9 free

 |123456789|
-|---------|
1|////1.1//|
2|////111//|
3|/////////|
4|/////////|
5|////111//|
6|////1.1//|
7|////111//|
8|//////111|
9|//////1..|
-|---------|
Set/unset mines marks or claim a cell as free: > 6 6 free
You stepped on a mine and failed!

 |123456789|
-|---------|
1|////1X1//|
2|////111//|
3|/////////|
4|/////////|
5|////111//|
6|////1X1//|
7|////111//|
8|//////111|
9|//////1X.|
-|---------|
?[1;31m
Start test 45?[0m
How many mines do you want on the field? > 3

 |123456789|
-|---------|
1|.........|
2|.........|
3|.........|
4|.........|
5|.........|
6|.........|
7|.........|
8|.........|
9|.........|
-|---------|
Set/unset mines marks or claim a cell as free: > 6 2 free

 |123456789|
-|---------|
1|//////1..|
2|//////111|
3|/////////|
4|/////////|
5|/////////|
6|/////////|
7|//////111|
8|11////1..|
9|.1////1..|
-|---------|
Set/unset mines marks or claim a cell as free: > 8 8 free
You stepped on a mine and failed!

 |123456789|
-|---------|
1|//////1X.|
2|//////111|
3|/////////|
4|/////////|
5|/////////|
6|/////////|
7|//////111|
8|11////1X.|
9|X1////1..|
-|---------|
?[1;31m
Start test 46?[0m
How many mines do you want on the field? > 3

 |123456789|
-|---------|
1|.........|
2|.........|
3|.........|
4|.........|
5|.........|
6|.........|
7|.........|
8|.........|
9|.........|
-|---------|
Set/unset mines marks or claim a cell as free: > 3 4 mine

 |123456789|
-|---------|
1|.........|
2|.........|
3|.........|
4|..*......|
5|.........|
6|.........|
7|.........|
8|.........|
9|.........|
-|---------|
Set/unset mines marks or claim a cell as free: > 7 7 free

 |123456789|
-|---------|
1|.........|
2|.........|
3|.........|
4|..*......|
5|.........|
6|.........|
7|......1..|
8|.........|
9|.........|
-|---------|
Set/unset mines marks or claim a cell as free: > 6 7 mine

 |123456789|
-|---------|
1|.........|
2|.........|
3|.........|
4|..*......|
5|.........|
6|.........|
7|.....*1..|
8|.........|
9|.........|
-|---------|
Set/unset mines marks or claim a cell as free: > 8 3 free

 |123456789|
-|---------|
1|/////////|
2|/////////|
3|/////////|
4|/////////|
5|////111//|
6|111/1.1//|
7|..21111//|
8|...1/////|
9|...1/////|
-|---------|
Set/unset mines marks or claim a cell as free: > 3 8 free
You stepped on a mine and failed!

 |123456789|
-|---------|
1|/////////|
2|/////////|
3|/////////|
4|/////////|
5|////111//|
6|111/1X1//|
7|.X21111//|
8|..X1/////|
9|...1/////|
-|---------|
?[1;31m
Start test 47?[0m
How many mines do you want on the field? > 3

 |123456789|
-|---------|
1|.........|
2|.........|
3|.........|
4|.........|
5|.........|
6|.........|
7|.........|
8|.........|
9|.........|
-|---------|
Set/unset mines marks or claim a cell as free: > 2 4 free

 |123456789|
-|---------|
1|///1.1///|
2|//12.1///|
3|//2.31///|
4|//2.2////|
5|//111////|
6|/////////|
7|/////////|
8|/////////|
9|/////////|
-|---------|
Set/unset mines marks or claim a cell as free: > 5 1 mine

 |123456789|
-|---------|
1|///1*1///|
2|//12.1///|
3|//2.31///|
4|//2.2////|
5|//111////|
6|/////////|
7|/////////|
8|/////////|
9|/////////|
-|---------|
Set/unset mines marks or claim a cell as free: > 5 1 mine

 |123456789|
-|---------|
1|///1.1///|
2|//12.1///|
3|//2.31///|
4|//2.2////|
5|//111////|
6|/////////|
7|/////////|
8|/////////|
9|/////////|
-|---------|
Set/unset mines marks or claim a cell as free: > 4 4 free
You stepped on a mine and failed!

 |123456789|
-|---------|
1|///1.1///|
2|//12X1///|
3|//2X31///|
4|//2X2////|
5|//111////|
6|/////////|
7|/////////|
8|/////////|
9|/////////|
-|---------|
?[1;31m
Start test 48?[0m
How many mines do you want on the field? > 3

 |123456789|
-|---------|
1|.........|
2|.........|
3|.........|
4|.........|
5|.........|
6|.........|
7|.........|
8|.........|
9|.........|
-|---------|
Set/unset mines marks or claim a cell as free: > 3 6 free

 |123456789|
-|---------|
1|.........|
2|.........|
3|.........|
4|.........|
5|.........|
6|..1......|
7|.........|
8|.........|
9|.........|
-|---------|
Set/unset mines marks or claim a cell as free: > 3 8 free

 |123456789|
-|---------|
1|/////////|
2|/////////|
3|/////////|
4|/////////|
5|111//////|
6|..1//////|
7|.21//////|
8|.1/111///|
9|.1/1.1///|
-|---------|
Set/unset mines marks or claim a cell as free: > 1 6 free

 |123456789|
-|---------|
1|/////////|
2|/////////|
3|/////////|
4|/////////|
5|111//////|
6|1.1//////|
7|.21//////|
8|.1/111///|
9|.1/1.1///|
-|---------|
Set/unset mines marks or claim a cell as free: > 5 9 free
You stepped on a mine and failed!

 |123456789|
-|---------|
1|/////////|
2|/////////|
3|/////////|
4|/////////|
5|111//////|
6|1X1//////|
7|.21//////|
8|X1/111///|
9|.1/1X1///|
-|---------|
?[1;31m
Start test 49?[0m
How many mines do you want on the field? > 3

 |123456789|
-|---------|
1|.........|
2|.........|
3|.........|
4|.........|
5|.........|
6|.........|
7|.........|
8|.........|
9|.........|
-|---------|
Set/unset mines marks or claim a cell as free: > 7 5 free

 |123456789|
-|---------|
1|/////////|
2|/111/////|
3|/1.1/////|
4|/1.1/////|
5|/1.211///|
6|/1...1///|
7|/11211///|
8|/////////|
9|/////////|
-|---------|
Set/unset mines marks or claim a cell as free: > 3 5 free

 |123456789|
-|---------|
1|/////////|
2|/111/////|
3|/1.1/////|
4|/1.1/////|
5|/11211///|
6|/1...1///|
7|/11211///|
8|/////////|
9|/////////|
-|---------|
Set/unset mines marks or claim a cell as free: > 3 3 mine

 |123456789|
-|---------|
1|/////////|
2|/111/////|
3|/1*1/////|
4|/1.1/////|
5|/11211///|
6|/1...1///|
7|/11211///|
8|/////////|
9|/////////|
-|---------|
Set/unset mines marks or claim a cell as free: > 5 6 mine

 |123456789|
-|---------|
1|/////////|
2|/111/////|
3|/1*1/////|
4|/1.1/////|
5|/11211///|
6|/1..*1///|
7|/11211///|
8|/////////|
9|/////////|
-|---------|
Set/unset mines marks or claim a cell as free: > 4 6 free

 |123456789|
-|---------|
1|/////////|
2|/111/////|
3|/1*1/////|
4|/1.1/////|
5|/11211///|
6|/1.2*1///|
7|/11211///|
8|/////////|
9|/////////|
-|---------|
Set/unset mines marks or claim a cell as free: > 3 6 free
You stepped on a mine and failed!

 |123456789|
-|---------|
1|/////////|
2|/111/////|
3|/1X1/////|
4|/1.1/////|
5|/11211///|
6|/1X2X1///|
7|/11211///|
8|/////////|
9|/////////|
-|---------|
?[1;31m
Start test 50?[0m
How many mines do you want on the field? > 3

 |123456789|
-|---------|
1|.........|
2|.........|
3|.........|
4|.........|
5|.........|
6|.........|
7|.........|
8|.........|
9|.........|
-|---------|
Set/unset mines marks or claim a cell as free: > 1 8 mine

 |123456789|
-|---------|
1|.........|
2|.........|
3|.........|
4|.........|
5|.........|
6|.........|
7|.........|
8|*........|
9|.........|
-|---------|
Set/unset mines marks or claim a cell as free: > 1 8 mine

 |123456789|
-|---------|
1|.........|
2|.........|
3|.........|
4|.........|
5|.........|
6|.........|
7|.........|
8|.........|
9|.........|
-|---------|
Set/unset mines marks or claim a cell as free: > 8 2 free

 |123456789|
-|---------|
1|/////////|
2|/////////|
3|/////////|
4|/////////|
5|/////////|
6|11//111//|
7|.1//1.21/|
8|11//12.1/|
9|/////1.1/|
-|---------|
Set/unset mines marks or claim a cell as free: > 7 8 free
You stepped on a mine and failed!

 |123456789|
-|---------|
1|/////////|
2|/////////|
3|/////////|
4|/////////|
5|/////////|
6|11//111//|
7|X1//1X21/|
8|11//12X1/|
9|/////1.1/|
-|---------|
?[1;31m
Start test 51?[0m
How many mines do you want on the field? > 3

 |123456789|
-|---------|
1|.........|
2|.........|
3|.........|
4|.........|
5|.........|
6|.........|
7|.........|
8|.........|
9|.........|
-|---------|
Set/unset mines marks or claim a cell as free: > 5 3 mine

 |123456789|
-|---------|
1|.........|
2|.........|
3|....*....|
4|.........|
5|.........|
6|.........|
7|.........|
8|.........|
9|.........|
-|---------|
Set/unset mines marks or claim a cell as free: > 4 9 mine

 |123456789|
-|---------|
1|.........|
2|.........|
3|....*....|
4|.........|
5|.........|
6|.........|
7|.........|
8|.........|
9|...*.....|
-|---------|
Set/unset mines marks or claim a cell as free: > 7 1 free

 |123456789|
-|---------|
1|......1..|
2|.........|
3|....*....|
4|.........|
5|.........|
6|.........|
7|.........|
8|.........|
9|...*.....|
-|---------|
Set/unset mines marks or claim a cell as free: > 1 6 mine

 |123456789|
-|---------|
1|......1..|
2|.........|
3|....*....|
4|.........|
5|.........|
6|*........|
7|.........|
8|.........|
9|...*.....|
-|---------|
Set/unset mines marks or claim a cell as free: > 5 6 mine

 |123456789|
-|---------|
1|......1..|
2|.........|
3|....*....|
4|.........|
5|.........|
6|*...*....|
7|.........|
8|.........|
9|...*.....|
-|---------|
Set/unset mines marks or claim a cell as free: > 3 3 free

 |123456789|
-|---------|
1|////1.1//|
2|////1.1//|
3|////111//|
4|/////////|
5|///111///|
6|///1*1/11|
7|///111/1.|
8|///////11|
9|/////////|
-|---------|
Set/unset mines marks or claim a cell as free: > 6 1 mine

 |123456789|
-|---------|
1|////1*1//|
2|////1.1//|
3|////111//|
4|/////////|
5|///111///|
6|///1*1/11|
7|///111/1.|
8|///////11|
9|/////////|
-|---------|
Set/unset mines marks or claim a cell as free: > 6 2 free
You stepped on a mine and failed!

 |123456789|
-|---------|
1|////1*1//|
2|////1X1//|
3|////111//|
4|/////////|
5|///111///|
6|///1X1/11|
7|///111/1X|
8|///////11|
9|/////////|
-|---------|
?[1;31m
Start test 52?[0m
How many mines do you want on the field? > 3

 |123456789|
-|---------|
1|.........|
2|.........|
3|.........|
4|.........|
5|.........|
6|.........|
7|.........|
8|.........|
9|.........|
-|---------|
Set/unset mines marks or claim a cell as free: > 5 7 mine

 |123456789|
-|---------|
1|.........|
2|.........|
3|.........|
4|.........|
5|.........|
6|.........|
7|....*....|
8|.........|
9|.........|
-|---------|
Set/unset mines marks or claim a cell as free: > 1 9 free

 |123456789|
-|---------|
1|/////////|
2|/111/////|
3|/1.1/////|
4|/1221////|
5|//2.2////|
6|//2.2////|
7|//111////|
8|/////////|
9|/////////|
-|---------|
Congratulations! You found all mines!
?[1;31m
Start test 53?[0m
How many mines do you want on the field? > 3

 |123456789|
-|---------|
1|.........|
2|.........|
3|.........|
4|.........|
5|.........|
6|.........|
7|.........|
8|.........|
9|.........|
-|---------|
Set/unset mines marks or claim a cell as free: > 7 8 free

 |123456789|
-|---------|
1|/////////|
2|///////11|
3|///////1.|
4|///////11|
5|/////////|
6|///////11|
7|///////1.|
8|///////2.|
9|///////1.|
-|---------|
Set/unset mines marks or claim a cell as free: > 9 7 free
You stepped on a mine and failed!

 |123456789|
-|---------|
1|/////////|
2|///////11|
3|///////1X|
4|///////11|
5|/////////|
6|///////11|
7|///////1X|
8|///////2.|
9|///////1X|
-|---------|
?[1;31m
Start test 54?[0m
How many mines do you want on the field? > 3

 |123456789|
-|---------|
1|.........|
2|.........|
3|.........|
4|.........|
5|.........|
6|.........|
7|.........|
8|.........|
9|.........|
-|---------|
Set/unset mines marks or claim a cell as free: > 3 7 free

 |123456789|
-|---------|
1|.1///////|
2|.1///////|
3|11///////|
4|////111//|
5|////1.1//|
6|////111//|
7|/////////|
8|////111//|
9|////1.1//|
-|---------|
Set/unset mines marks or claim a cell as free: > 1 1 free

 |123456789|
-|---------|
1|11///////|
2|.1///////|
3|11///////|
4|////111//|
5|////1.1//|
6|////111//|
7|/////////|
8|////111//|
9|////1.1//|
-|---------|
Congratulations! You found all mines!
?[1;31m
Start test 55?[0m
How many mines do you want on the field? > 3

 |123456789|
-|---------|
1|.........|
2|.........|
3|.........|
4|.........|
5|.........|
6|.........|
7|.........|
8|.........|
9|.........|
-|---------|
Set/unset mines marks or claim a cell as free: > 8 9 free

 |123456789|
-|---------|
1|.........|
2|.........|
3|.........|
4|.........|
5|.........|
6|.........|
7|.........|
8|.........|
9|.......1.|
-|---------|
Set/unset mines marks or claim a cell as free: > 2 5 free

 |123456789|
-|---------|
1|.........|
2|.........|
3|.........|
4|.........|
5|.1.......|
6|.........|
7|.........|
8|.........|
9|.......1.|
-|---------|
Set/unset mines marks or claim a cell as free: > 3 8 free

 |123456789|
-|---------|
1|/////////|
2|//////111|
3|//////1..|
4|//////111|
5|/111/////|
6|/1.1/////|
7|/111/////|
8|///////11|
9|///////1.|
-|---------|
Set/unset mines marks or claim a cell as free: > 8 3 free
You stepped on a mine and failed!

 |123456789|
-|---------|
1|/////////|
2|//////111|
3|//////1X.|
4|//////111|
5|/111/////|
6|/1X1/////|
7|/111/////|
8|///////11|
9|///////1X|
-|---------|
?[1;31m
Start test 56?[0m
How many mines do you want on the field? > 3

 |123456789|
-|---------|
1|.........|
2|.........|
3|.........|
4|.........|
5|.........|
6|.........|
7|.........|
8|.........|
9|.........|
-|---------|
Set/unset mines marks or claim a cell as free: > 9 7 mine

 |123456789|
-|---------|
1|.........|
2|.........|
3|.........|
4|.........|
5|.........|
6|.........|
7|........*|
8|.........|
9|.........|
-|---------|
Set/unset mines marks or claim a cell as free: > 1 7 free

 |123456789|
-|---------|
1|..1//////|
2|..1111///|
3|1111.1///|
4|///111///|
5|/////////|
6|/////////|
7|/////////|
8|//////111|
9|//////1..|
-|---------|
Set/unset mines marks or claim a cell as free: > 9 9 free

 |123456789|
-|---------|
1|..1//////|
2|..1111///|
3|1111.1///|
4|///111///|
5|/////////|
6|/////////|
7|/////////|
8|//////111|
9|//////1.1|
-|---------|
Set/unset mines marks or claim a cell as free: > 5 3 free
You stepped on a mine and failed!

 |123456789|
-|---------|
1|..1//////|
2|.X1111///|
3|1111X1///|
4|///111///|
5|/////////|
6|/////////|
7|/////////|
8|//////111|
9|//////1X1|
-|---------|
?[1;31m
Start test 57?[0m
How many mines do you want on the field? > 3

 |123456789|
-|---------|
1|.........|
2|.........|
3|.........|
4|.........|
5|.........|
6|.........|
7|.........|
8|.........|
9|.........|
-|---------|
Set/unset mines marks or claim a cell as free: > 2 3 mine

 |123456789|
-|---------|
1|.........|
2|.........|
3|.*.......|
4|.........|
5|.........|
6|.........|
7|.........|
8|.........|
9|.........|
-|---------|
Set/unset mines marks or claim a cell as free: > 3 6 mine

 |123456789|
-|---------|
1|.........|
2|.........|
3|.*.......|
4|.........|
5|.........|
6|..*......|
7|.........|
8|.........|
9|.........|
-|---------|
Set/unset mines marks or claim a cell as free: > 6 8 free

 |123456789|
-|---------|
1|.........|
2|.........|
3|.*.......|
4|.........|
5|.........|
6|..*......|
7|.........|
8|.....1...|
9|.........|
-|---------|
Set/unset mines marks or claim a cell as free: > 1 6 free

 |123456789|
-|---------|
1|/////////|
2|///111///|
3|///1.1///|
4|///111///|
5|/////111/|
6|/////1.1/|
7|/////111/|
8|////111//|
9|////1.1//|
-|---------|
Congratulations! You found all mines!
?[1;31m
Start test 58?[0m
How many mines do you want on the field? > 3

 |123456789|
-|---------|
1|.........|
2|.........|
3|.........|
4|.........|
5|.........|
6|.........|
7|.........|
8|.........|
9|.........|
-|---------|
Set/unset mines marks or claim a cell as free: > 5 3 free

 |123456789|
-|---------|
1|/////////|
2|/111/////|
3|/1.1/////|
4|/1.1/////|
5|/1.1/////|
6|/1.1/////|
7|/111/////|
8|/////111/|
9|/////1.1/|
-|---------|
Set/unset mines marks or claim a cell as free: > 3 3 mine

 |123456789|
-|---------|
1|/////////|
2|/111/////|
3|/1*1/////|
4|/1.1/////|
5|/1.1/////|
6|/1.1/////|
7|/111/////|
8|/////111/|
9|/////1.1/|
-|---------|
Set/unset mines marks or claim a cell as free: > 3 6 free
You stepped on a mine and failed!

 |123456789|
-|---------|
1|/////////|
2|/111/////|
3|/1X1/////|
4|/1.1/////|
5|/1.1/////|
6|/1X1/////|
7|/111/////|
8|/////111/|
9|/////1X1/|
-|---------|
?[1;31m
Start test 59?[0m
How many mines do you want on the field? > 3

 |123456789|
-|---------|
1|.........|
2|.........|
3|.........|
4|.........|
5|.........|
6|.........|
7|.........|
8|.........|
9|.........|
-|---------|
Set/unset mines marks or claim a cell as free: > 5 9 free

 |123456789|
-|---------|
1|.........|
2|.........|
3|.........|
4|.........|
5|.........|
6|.........|
7|.........|
8|.........|
9|....1....|
-|---------|
Set/unset mines marks or claim a cell as free: > 4 3 free

 |123456789|
-|---------|
1|/////////|
2|/////////|
3|111//////|
4|..1//111/|
5|111//1.1/|
6|/////111/|
7|/////////|
8|//111////|
9|//1.1////|
-|---------|
Set/unset mines marks or claim a cell as free: > 4 9 free
You stepped on a mine and failed!

 |123456789|
-|---------|
1|/////////|
2|/////////|
3|111//////|
4|.X1//111/|
5|111//1X1/|
6|/////111/|
7|/////////|
8|//111////|
9|//1X1////|
-|---------|
?[1;31m
Start test 60?[0m
How many mines do you want on the field? > 3

 |123456789|
-|---------|
1|.........|
2|.........|
3|.........|
4|.........|
5|.........|
6|.........|
7|.........|
8|.........|
9|.........|
-|---------|
Set/unset mines marks or claim a cell as free: > 8 5 free

 |123456789|
-|---------|
1|.........|
2|.........|
3|.........|
4|.........|
5|.......2.|
6|.........|
7|.........|
8|.........|
9|.........|
-|---------|
Set/unset mines marks or claim a cell as free: > 2 1 free

 |123456789|
-|---------|
1|/////////|
2|/////////|
3|/////////|
4|/////111/|
5|/111/2.2/|
6|/1.1/2.2/|
7|/111/111/|
8|/////////|
9|/////////|
-|---------|
Congratulations! You found all mines!
?[1;31m
Start test 61?[0m
How many mines do you want on the field? > 4

 |123456789|
-|---------|
1|.........|
2|.........|
3|.........|
4|.........|
5|.........|
6|.........|
7|.........|
8|.........|
9|.........|
-|---------|
Set/unset mines marks or claim a cell as free: > 5 5 free

 |123456789|
-|---------|
1|/////////|
2|/////////|
3|/////////|
4|///////11|
5|///////1.|
6|////1111.|
7|////1....|
8|///13....|
9|///1.....|
-|---------|
Set/unset mines marks or claim a cell as free: > 7 8 free

 |123456789|
-|---------|
1|/////////|
2|/////////|
3|/////////|
4|///////11|
5|///////1.|
6|////1111.|
7|////1....|
8|///13.2..|
9|///1.....|
-|---------|
Set/unset mines marks or claim a cell as free: > 9 8 mine

 |123456789|
-|---------|
1|/////////|
2|/////////|
3|/////////|
4|///////11|
5|///////1.|
6|////1111.|
7|////1....|
8|///13.2.*|
9|///1.....|
-|---------|
Set/unset mines marks or claim a cell as free: > 9 6 free

 |123456789|
-|---------|
1|/////////|
2|/////////|
3|/////////|
4|///////11|
5|///////1.|
6|////11111|
7|////1....|
8|///13.2.*|
9|///1.....|
-|---------|
Set/unset mines marks or claim a cell as free: > 9 8 mine

 |123456789|
-|---------|
1|/////////|
2|/////////|
3|/////////|
4|///////11|
5|///////1.|
6|////11111|
7|////1....|
8|///13.2..|
9|///1.....|
-|---------|
Set/unset mines marks or claim a cell as free: > 9 7 free

 |123456789|
-|---------|
1|/////////|
2|/////////|
3|/////////|
4|///////11|
5|///////1.|
6|////11111|
7|////1.1//|
8|///13.2//|
9|///1..1//|
-|---------|
Set/unset mines marks or claim a cell as free: > 6 9 free
You stepped on a mine and failed!

 |123456789|
-|---------|
1|/////////|
2|/////////|
3|/////////|
4|///////11|
5|///////1X|
6|////11111|
7|////1X1//|
8|///13.2//|
9|///1XX1//|
-|---------|
?[1;31m
Start test 62?[0m
How many mines do you want on the field? > 4

 |123456789|
-|---------|
1|.........|
2|.........|
3|.........|
4|.........|
5|.........|
6|.........|
7|.........|
8|.........|
9|.........|
-|---------|
Set/unset mines marks or claim a cell as free: > 5 2 mine

 |123456789|
-|---------|
1|.........|
2|....*....|
3|.........|
4|.........|
5|.........|
6|.........|
7|.........|
8|.........|
9|.........|
-|---------|
Set/unset mines marks or claim a cell as free: > 6 3 free

 |123456789|
-|---------|
1|///////1.|
2|///////1.|
3|///////11|
4|/////////|
5|//111//11|
6|//1.1//1.|
7|//111//1.|
8|//////11.|
9|//////1..|
-|---------|
Set/unset mines marks or claim a cell as free: > 9 8 free

 |123456789|
-|---------|
1|///////1.|
2|///////1.|
3|///////11|
4|/////////|
5|//111//11|
6|//1.1//1.|
7|//111//1.|
8|//////111|
9|//////1..|
-|---------|
Set/unset mines marks or claim a cell as free: > 9 2 free
You stepped on a mine and failed!

 |123456789|
-|---------|
1|///////1.|
2|///////1X|
3|///////11|
4|/////////|
5|//111//11|
6|//1X1//1X|
7|//111//1.|
8|//////111|
9|//////1X.|
-|---------|
?[1;31m
Start test 63?[0m
How many mines do you want on the field? > 4

 |123456789|
-|---------|
1|.........|
2|.........|
3|.........|
4|.........|
5|.........|
6|.........|
7|.........|
8|.........|
9|.........|
-|---------|
Set/unset mines marks or claim a cell as free: > 3 5 mine

 |123456789|
-|---------|
1|.........|
2|.........|
3|.........|
4|.........|
5|..*......|
6|.........|
7|.........|
8|.........|
9|.........|
-|---------|
Set/unset mines marks or claim a cell as free: > 6 1 free

 |123456789|
-|---------|
1|.1///////|
2|.1///////|
3|11///////|
4|//111////|
5|//1.1////|
6|112.1////|
7|....111//|
8|......1//|
9|......1//|
-|---------|
Set/unset mines marks or claim a cell as free: > 4 5 mine

 |123456789|
-|---------|
1|.1///////|
2|.1///////|
3|11///////|
4|//111////|
5|//1*1////|
6|112.1////|
7|....111//|
8|......1//|
9|......1//|
-|---------|
Set/unset mines marks or claim a cell as free: > 1 9 free

 |123456789|
-|---------|
1|.1///////|
2|.1///////|
3|11///////|
4|//111////|
5|//1*1////|
6|11211////|
7|..1/111//|
8|111/1.1//|
9|////1.1//|
-|---------|
Set/unset mines marks or claim a cell as free: > 4 5 mine

 |123456789|
-|---------|
1|.1///////|
2|.1///////|
3|11///////|
4|//111////|
5|//1.1////|
6|11211////|
7|..1/111//|
8|111/1.1//|
9|////1.1//|
-|---------|
Set/unset mines marks or claim a cell as free: > 2 7 mine

 |123456789|
-|---------|
1|.1///////|
2|.1///////|
3|11///////|
4|//111////|
5|//1.1////|
6|11211////|
7|.*1/111//|
8|111/1.1//|
9|////1.1//|
-|---------|
Set/unset mines marks or claim a cell as free: > 1 7 free

 |123456789|
-|---------|
1|.1///////|
2|.1///////|
3|11///////|
4|//111////|
5|//1.1////|
6|11211////|
7|1*1/111//|
8|111/1.1//|
9|////1.1//|
-|---------|
Set/unset mines marks or claim a cell as free: > 2 7 mine

 |123456789|
-|---------|
1|.1///////|
2|.1///////|
3|11///////|
4|//111////|
5|//1.1////|
6|11211////|
7|1.1/111//|
8|111/1.1//|
9|////1.1//|
-|---------|
Set/unset mines marks or claim a cell as free: > 2 7 free
You stepped on a mine and failed!

 |123456789|
-|---------|
1|.1///////|
2|X1///////|
3|11///////|
4|//111////|
5|//1X1////|
6|11211////|
7|1X1/111//|
8|111/1X1//|
9|////1.1//|
-|---------|
?[1;31m
Start test 64?[0m
How many mines do you want on the field? > 4

 |123456789|
-|---------|
1|.........|
2|.........|
3|.........|
4|.........|
5|.........|
6|.........|
7|.........|
8|.........|
9|.........|
-|---------|
Set/unset mines marks or claim a cell as free: > 5 5 free

 |123456789|
-|---------|
1|/////1...|
2|111//1.21|
3|..1//111/|
4|111//////|
5|/////////|
6|/////////|
7|/////////|
8|11///////|
9|.1///////|
-|---------|
Set/unset mines marks or claim a cell as free: > 7 2 free
You stepped on a mine and failed!

 |123456789|
-|---------|
1|/////1.X.|
2|111//1X21|
3|.X1//111/|
4|111//////|
5|/////////|
6|/////////|
7|/////////|
8|11///////|
9|X1///////|
-|---------|
?[1;31m
Start test 65?[0m
How many mines do you want on the field? > 4

 |123456789|
-|---------|
1|.........|
2|.........|
3|.........|
4|.........|
5|.........|
6|.........|
7|.........|
8|.........|
9|.........|
-|---------|
Set/unset mines marks or claim a cell as free: > 5 6 mine

 |123456789|
-|---------|
1|.........|
2|.........|
3|.........|
4|.........|
5|.........|
6|....*....|
7|.........|
8|.........|
9|.........|
-|---------|
Set/unset mines marks or claim a cell as free: > 7 8 free

 |123456789|
-|---------|
1|......1//|
2|......2//|
3|......1//|
4|.....11//|
5|.....1///|
6|....*1///|
7|...211///|
8|...1/////|
9|...1/////|
-|---------|
Set/unset mines marks or claim a cell as free: > 2 4 free

 |123456789|
-|---------|
1|////1.1//|
2|////2.2//|
3|////1.1//|
4|////111//|
5|///111///|
6|///1*1///|
7|/11211///|
8|/1.1/////|
9|/1.1/////|
-|---------|
Set/unset mines marks or claim a cell as free: > 3 8 free
You stepped on a mine and failed!

 |123456789|
-|---------|
1|////1X1//|
2|////2.2//|
3|////1X1//|
4|////111//|
5|///111///|
6|///1X1///|
7|/11211///|
8|/1X1/////|
9|/1.1/////|
-|---------|
?[1;31m
Start test 66?[0m
How many mines do you want on the field? > 4

 |123456789|
-|---------|
1|.........|
2|.........|
3|.........|
4|.........|
5|.........|
6|.........|
7|.........|
8|.........|
9|.........|
-|---------|
Set/unset mines marks or claim a cell as free: > 1 8 free

 |123456789|
-|---------|
1|.........|
2|.........|
3|.........|
4|.........|
5|.........|
6|.........|
7|.........|
8|2........|
9|.........|
-|---------|
Set/unset mines marks or claim a cell as free: > 1 4 free

 |123456789|
-|---------|
1|///////1.|
2|///////1.|
3|///////11|
4|/////////|
5|//////111|
6|//////1..|
7|111///111|
8|2.1//////|
9|..1//////|
-|---------|
Set/unset mines marks or claim a cell as free: > 2 8 mine

 |123456789|
-|---------|
1|///////1.|
2|///////1.|
3|///////11|
4|/////////|
5|//////111|
6|//////1..|
7|111///111|
8|2*1//////|
9|..1//////|
-|---------|
Set/unset mines marks or claim a cell as free: > 2 9 mine

 |123456789|
-|---------|
1|///////1.|
2|///////1.|
3|///////11|
4|/////////|
5|//////111|
6|//////1..|
7|111///111|
8|2*1//////|
9|.*1//////|
-|---------|
Set/unset mines marks or claim a cell as free: > 8 6 free
You stepped on a mine and failed!

 |123456789|
-|---------|
1|///////1.|
2|///////1X|
3|///////11|
4|/////////|
5|//////111|
6|//////1X.|
7|111///111|
8|2X1//////|
9|X*1//////|
-|---------|
?[1;31m
Start test 67?[0m
How many mines do you want on the field? > 4

 |123456789|
-|---------|
1|.........|
2|.........|
3|.........|
4|.........|
5|.........|
6|.........|
7|.........|
8|.........|
9|.........|
-|---------|
Set/unset mines marks or claim a cell as free: > 2 3 mine

 |123456789|
-|---------|
1|.........|
2|.........|
3|.*.......|
4|.........|
5|.........|
6|.........|
7|.........|
8|.........|
9|.........|
-|---------|
Set/unset mines marks or claim a cell as free: > 3 1 free

 |123456789|
-|---------|
1|////1....|
2|////1111.|
3|///////1.|
4|///////1.|
5|///////11|
6|/111/////|
7|/1.1/////|
8|/111/////|
9|/////////|
-|---------|
Set/unset mines marks or claim a cell as free: > 9 3 mine

 |123456789|
-|---------|
1|////1....|
2|////1111.|
3|///////1*|
4|///////1.|
5|///////11|
6|/111/////|
7|/1.1/////|
8|/111/////|
9|/////////|
-|---------|
Set/unset mines marks or claim a cell as free: > 8 1 free

 |123456789|
-|---------|
1|////1..1.|
2|////1111.|
3|///////1*|
4|///////1.|
5|///////11|
6|/111/////|
7|/1.1/////|
8|/111/////|
9|/////////|
-|---------|
Set/unset mines marks or claim a cell as free: > 6 1 free
You stepped on a mine and failed!

 |123456789|
-|---------|
1|////1X.1X|
2|////1111.|
3|///////1*|
4|///////1X|
5|///////11|
6|/111/////|
7|/1X1/////|
8|/111/////|
9|/////////|
-|---------|
?[1;31m
Start test 68?[0m
How many mines do you want on the field? > 4

 |123456789|
-|---------|
1|.........|
2|.........|
3|.........|
4|.........|
5|.........|
6|.........|
7|.........|
8|.........|
9|.........|
-|---------|
Set/unset mines marks or claim a cell as free: > 8 3 free

 |123456789|
-|---------|
1|.........|
2|.........|
3|.......1.|
4|.........|
5|.........|
6|.........|
7|.........|
8|.........|
9|.........|
-|---------|
Set/unset mines marks or claim a cell as free: > 6 6 free

 |123456789|
-|---------|
1|/////1.1/|
2|/////1.1/|
3|///11211/|
4|///1.1///|
5|///111///|
6|111//////|
7|..1//////|
8|..21/////|
9|...1/////|
-|---------|
Set/unset mines marks or claim a cell as free: > 1 8 free

 |123456789|
-|---------|
1|/////1.1/|
2|/////1.1/|
3|///11211/|
4|///1.1///|
5|///111///|
6|111//////|
7|..1//////|
8|1.21/////|
9|...1/////|
-|---------|
Set/unset mines marks or claim a cell as free: > 1 9 mine

 |123456789|
-|---------|
1|/////1.1/|
2|/////1.1/|
3|///11211/|
4|///1.1///|
5|///111///|
6|111//////|
7|..1//////|
8|1.21/////|
9|*..1/////|
-|---------|
Set/unset mines marks or claim a cell as free: > 7 1 free

 |123456789|
-|---------|
1|/////111/|
2|/////1.1/|
3|///11211/|
4|///1.1///|
5|///111///|
6|111//////|
7|..1//////|
8|1.21/////|
9|*..1/////|
-|---------|
Set/unset mines marks or claim a cell as free: > 2 9 mine

 |123456789|
-|---------|
1|/////111/|
2|/////1.1/|
3|///11211/|
4|///1.1///|
5|///111///|
6|111//////|
7|..1//////|
8|1.21/////|
9|**.1/////|
-|---------|
Set/unset mines marks or claim a cell as free: > 5 4 free
You stepped on a mine and failed!

 |123456789|
-|---------|
1|/////111/|
2|/////1X1/|
3|///11211/|
4|///1X1///|
5|///111///|
6|111//////|
7|.X1//////|
8|1.21/////|
9|**X1/////|
-|---------|
?[1;31m
Start test 69?[0m
How many mines do you want on the field? > 4

 |123456789|
-|---------|
1|.........|
2|.........|
3|.........|
4|.........|
5|.........|
6|.........|
7|.........|
8|.........|
9|.........|
-|---------|
Set/unset mines marks or claim a cell as free: > 5 3 free

 |123456789|
-|---------|
1|//////1..|
2|//////1..|
3|//////111|
4|111//////|
5|..1//////|
6|111//////|
7|////111//|
8|////1.21/|
9|////1..1/|
-|---------|
Set/unset mines marks or claim a cell as free: > 2 5 free
You stepped on a mine and failed!

 |123456789|
-|---------|
1|//////1..|
2|//////1X.|
3|//////111|
4|111//////|
5|.X1//////|
6|111//////|
7|////111//|
8|////1X21/|
9|////1.X1/|
-|---------|
?[1;31m
Start test 70?[0m
How many mines do you want on the field? > 4

 |123456789|
-|---------|
1|.........|
2|.........|
3|.........|
4|.........|
5|.........|
6|.........|
7|.........|
8|.........|
9|.........|
-|---------|
Set/unset mines marks or claim a cell as free: > 2 9 free

 |123456789|
-|---------|
1|/////////|
2|/////////|
3|/////111/|
4|/111/1.1/|
5|/1.212.2/|
6|/12....1/|
7|//111111/|
8|/////////|
9|/////////|
-|---------|
Set/unset mines marks or claim a cell as free: > 5 6 free

 |123456789|
-|---------|
1|/////////|
2|/////////|
3|/////111/|
4|/111/1.1/|
5|/1.212.2/|
6|/12.1..1/|
7|//111111/|
8|/////////|
9|/////////|
-|---------|
Set/unset mines marks or claim a cell as free: > 4 6 free
You stepped on a mine and failed!

 |123456789|
-|---------|
1|/////////|
2|/////////|
3|/////111/|
4|/111/1X1/|
5|/1X212.2/|
6|/12X1.X1/|
7|//111111/|
8|/////////|
9|/////////|
-|---------|
?[1;31m
Start test 71?[0m
How many mines do you want on the field? > 4

 |123456789|
-|---------|
1|.........|
2|.........|
3|.........|
4|.........|
5|.........|
6|.........|
7|.........|
8|.........|
9|.........|
-|---------|
Set/unset mines marks or claim a cell as free: > 2 9 free

 |123456789|
-|---------|
1|/1.1/////|
2|/111/////|
3|/////////|
4|/////////|
5|//////111|
6|//////2..|
7|///1112..|
8|///1.....|
9|///1.....|
-|---------|
Set/unset mines marks or claim a cell as free: > 8 7 mine

 |123456789|
-|---------|
1|/1.1/////|
2|/111/////|
3|/////////|
4|/////////|
5|//////111|
6|//////2..|
7|///1112*.|
8|///1.....|
9|///1.....|
-|---------|
Set/unset mines marks or claim a cell as free: > 8 7 mine

 |123456789|
-|---------|
1|/1.1/////|
2|/111/////|
3|/////////|
4|/////////|
5|//////111|
6|//////2..|
7|///1112..|
8|///1.....|
9|///1.....|
-|---------|
Set/unset mines marks or claim a cell as free: > 7 8 free

 |123456789|
-|---------|
1|/1.1/////|
2|/111/////|
3|/////////|
4|/////////|
5|//////111|
6|//////2..|
7|///1112..|
8|///1..1..|
9|///1.....|
-|---------|
Set/unset mines marks or claim a cell as free: > 8 9 mine

 |123456789|
-|---------|
1|/1.1/////|
2|/111/////|
3|/////////|
4|/////////|
5|//////111|
6|//////2..|
7|///1112..|
8|///1..1..|
9|///1...*.|
-|---------|
Set/unset mines marks or claim a cell as free: > 9 7 mine

 |123456789|
-|---------|
1|/1.1/////|
2|/111/////|
3|/////////|
4|/////////|
5|//////111|
6|//////2..|
7|///1112.*|
8|///1..1..|
9|///1...*.|
-|---------|
Set/unset mines marks or claim a cell as free: > 8 8 free

 |123456789|
-|---------|
1|/1.1/////|
2|/111/////|
3|/////////|
4|/////////|
5|//////111|
6|//////2..|
7|///1112.*|
8|///1..11.|
9|///1...*.|
-|---------|
Set/unset mines marks or claim a cell as free: > 7 9 mine

 |123456789|
-|---------|
1|/1.1/////|
2|/111/////|
3|/////////|
4|/////////|
5|//////111|
6|//////2..|
7|///1112.*|
8|///1..11.|
9|///1..**.|
-|---------|
Set/unset mines marks or claim a cell as free: > 6 9 free

 |123456789|
-|---------|
1|/1.1/////|
2|/111/////|
3|/////////|
4|/////////|
5|//////111|
6|//////2..|
7|///1112.*|
8|///1..11.|
9|///1.1**.|
-|---------|
Set/unset mines marks or claim a cell as free: > 8 6 free
You stepped on a mine and failed!

 |123456789|
-|---------|
1|/1X1/////|
2|/111/////|
3|/////////|
4|/////////|
5|//////111|
6|//////2X.|
7|///1112X*|
8|///1X.11.|
9|///1.1**.|
-|---------|
?[1;31m
Start test 72?[0m
How many mines do you want on the field? > 4

 |123456789|
-|---------|
1|.........|
2|.........|
3|.........|
4|.........|
5|.........|
6|.........|
7|.........|
8|.........|
9|.........|
-|---------|
Set/unset mines marks or claim a cell as free: > 4 9 free

 |123456789|
-|---------|
1|/1.1/1.1/|
2|/1.1/111/|
3|/111/////|
4|/////////|
5|///////11|
6|///////1.|
7|////1111.|
8|////1....|
9|////1....|
-|---------|
Set/unset mines marks or claim a cell as free: > 3 1 free

 |123456789|
-|---------|
1|/111/1.1/|
2|/1.1/111/|
3|/111/////|
4|/////////|
5|///////11|
6|///////1.|
7|////1111.|
8|////1....|
9|////1....|
-|---------|
Set/unset mines marks or claim a cell as free: > 9 6 free
You stepped on a mine and failed!

 |123456789|
-|---------|
1|/111/1X1/|
2|/1X1/111/|
3|/111/////|
4|/////////|
5|///////11|
6|///////1X|
7|////1111.|
8|////1X...|
9|////1....|
-|---------|
?[1;31m
Start test 73?[0m
How many mines do you want on the field? > 4

 |123456789|
-|---------|
1|.........|
2|.........|
3|.........|
4|.........|
5|.........|
6|.........|
7|.........|
8|.........|
9|.........|
-|---------|
Set/unset mines marks or claim a cell as free: > 4 3 free

 |123456789|
-|---------|
1|/////////|
2|//////122|
3|//////1..|
4|//////122|
5|/////////|
6|/////////|
7|/////111/|
8|/////1.21|
9|/////1...|
-|---------|
Set/unset mines marks or claim a cell as free: > 9 3 free
You stepped on a mine and failed!

 |123456789|
-|---------|
1|/////////|
2|//////122|
3|//////1XX|
4|//////122|
5|/////////|
6|/////////|
7|/////111/|
8|/////1X21|
9|/////1..X|
-|---------|
?[1;31m
Start test 74?[0m
How many mines do you want on the field? > 4

 |123456789|
-|---------|
1|.........|
2|.........|
3|.........|
4|.........|
5|.........|
6|.........|
7|.........|
8|.........|
9|.........|
-|---------|
Set/unset mines marks or claim a cell as free: > 8 1 mine

 |123456789|
-|---------|
1|.......*.|
2|.........|
3|.........|
4|.........|
5|.........|
6|.........|
7|.........|
8|.........|
9|.........|
-|---------|
Set/unset mines marks or claim a cell as free: > 6 6 free

 |123456789|
-|---------|
1|/////////|
2|////111//|
3|/1112.2//|
4|/1....2//|
5|/111111//|
6|/////////|
7|/111/////|
8|/1.1/////|
9|/1.1/////|
-|---------|
Set/unset mines marks or claim a cell as free: > 5 4 mine

 |123456789|
-|---------|
1|/////////|
2|////111//|
3|/1112.2//|
4|/1..*.2//|
5|/111111//|
6|/////////|
7|/111/////|
8|/1.1/////|
9|/1.1/////|
-|---------|
Set/unset mines marks or claim a cell as free: > 5 4 mine

 |123456789|
-|---------|
1|/////////|
2|////111//|
3|/1112.2//|
4|/1....2//|
5|/111111//|
6|/////////|
7|/111/////|
8|/1.1/////|
9|/1.1/////|
-|---------|
Set/unset mines marks or claim a cell as free: > 3 9 mine

 |123456789|
-|---------|
1|/////////|
2|////111//|
3|/1112.2//|
4|/1....2//|
5|/111111//|
6|/////////|
7|/111/////|
8|/1.1/////|
9|/1*1/////|
-|---------|
Set/unset mines marks or claim a cell as free: > 3 9 mine

 |123456789|
-|---------|
1|/////////|
2|////111//|
3|/1112.2//|
4|/1....2//|
5|/111111//|
6|/////////|
7|/111/////|
8|/1.1/////|
9|/1.1/////|
-|---------|
Set/unset mines marks or claim a cell as free: > 5 4 free

 |123456789|
-|---------|
1|/////////|
2|////111//|
3|/1112.2//|
4|/1..2.2//|
5|/111111//|
6|/////////|
7|/111/////|
8|/1.1/////|
9|/1.1/////|
-|---------|
Set/unset mines marks or claim a cell as free: > 6 3 mine

 |123456789|
-|---------|
1|/////////|
2|////111//|
3|/1112*2//|
4|/1..2.2//|
5|/111111//|
6|/////////|
7|/111/////|
8|/1.1/////|
9|/1.1/////|
-|---------|
Set/unset mines marks or claim a cell as free: > 6 3 mine

 |123456789|
-|---------|
1|/////////|
2|////111//|
3|/1112.2//|
4|/1..2.2//|
5|/111111//|
6|/////////|
7|/111/////|
8|/1.1/////|
9|/1.1/////|
-|---------|
Set/unset mines marks or claim a cell as free: > 3 4 mine

 |123456789|
-|---------|
1|/////////|
2|////111//|
3|/1112.2//|
4|/1*.2.2//|
5|/111111//|
6|/////////|
7|/111/////|
8|/1.1/////|
9|/1.1/////|
-|---------|
Set/unset mines marks or claim a cell as free: > 3 9 mine

 |123456789|
-|---------|
1|/////////|
2|////111//|
3|/1112.2//|
4|/1*.2.2//|
5|/111111//|
6|/////////|
7|/111/////|
8|/1.1/////|
9|/1*1/////|
-|---------|
Set/unset mines marks or claim a cell as free: > 6 3 free
You stepped on a mine and failed!

 |123456789|
-|---------|
1|/////////|
2|////111//|
3|/1112X2//|
4|/1X.2X2//|
5|/111111//|
6|/////////|
7|/111/////|
8|/1X1/////|
9|/1*1/////|
-|---------|
?[1;31m
Start test 75?[0m
How many mines do you want on the field? > 4

 |123456789|
-|---------|
1|.........|
2|.........|
3|.........|
4|.........|
5|.........|
6|.........|
7|.........|
8|.........|
9|.........|
-|---------|
Set/unset mines marks or claim a cell as free: > 4 9 free

 |123456789|
-|---------|
1|.1/////1.|
2|.1/////11|
3|11/111///|
4|///1.1///|
5|///111///|
6|/////////|
7|/////////|
8|111//////|
9|..1//////|
-|---------|
Set/unset mines marks or claim a cell as free: > 9 1 free
You stepped on a mine and failed!

 |123456789|
-|---------|
1|.1/////1X|
2|X1/////11|
3|11/111///|
4|///1X1///|
5|///111///|
6|/////////|
7|/////////|
8|111//////|
9|.X1//////|
-|---------|
?[1;31m
Start test 76?[0m
How many mines do you want on the field? > 4

 |123456789|
-|---------|
1|.........|
2|.........|
3|.........|
4|.........|
5|.........|
6|.........|
7|.........|
8|.........|
9|.........|
-|---------|
Set/unset mines marks or claim a cell as free: > 9 9 mine

 |123456789|
-|---------|
1|.........|
2|.........|
3|.........|
4|.........|
5|.........|
6|.........|
7|.........|
8|.........|
9|........*|
-|---------|
Set/unset mines marks or claim a cell as free: > 9 9 mine

 |123456789|
-|---------|
1|.........|
2|.........|
3|.........|
4|.........|
5|.........|
6|.........|
7|.........|
8|.........|
9|.........|
-|---------|
Set/unset mines marks or claim a cell as free: > 8 1 free

 |123456789|
-|---------|
1|.......1.|
2|.........|
3|.........|
4|.........|
5|.........|
6|.........|
7|.........|
8|.........|
9|.........|
-|---------|
Set/unset mines marks or claim a cell as free: > 3 7 mine

 |123456789|
-|---------|
1|.......1.|
2|.........|
3|.........|
4|.........|
5|.........|
6|.........|
7|..*......|
8|.........|
9|.........|
-|---------|
Set/unset mines marks or claim a cell as free: > 3 7 mine

 |123456789|
-|---------|
1|.......1.|
2|.........|
3|.........|
4|.........|
5|.........|
6|.........|
7|.........|
8|.........|
9|.........|
-|---------|
Set/unset mines marks or claim a cell as free: > 7 4 free

 |123456789|
-|---------|
1|///////1.|
2|///////1.|
3|///////1.|
4|///////1.|
5|///////2.|
6|///////2.|
7|///////1.|
8|/////111.|
9|/////1...|
-|---------|
Set/unset mines marks or claim a cell as free: > 9 9 mine

 |123456789|
-|---------|
1|///////1.|
2|///////1.|
3|///////1.|
4|///////1.|
5|///////2.|
6|///////2.|
7|///////1.|
8|/////111.|
9|/////1..*|
-|---------|
Set/unset mines marks or claim a cell as free: > 9 5 free
You stepped on a mine and failed!

 |123456789|
-|---------|
1|///////1.|
2|///////1X|
3|///////1.|
4|///////1.|
5|///////2X|
6|///////2X|
7|///////1.|
8|/////111.|
9|/////1X.*|
-|---------|
?[1;31m
Start test 77?[0m
How many mines do you want on the field? > 4

 |123456789|
-|---------|
1|.........|
2|.........|
3|.........|
4|.........|
5|.........|
6|.........|
7|.........|
8|.........|
9|.........|
-|---------|
Set/unset mines marks or claim a cell as free: > 1 7 mine

 |123456789|
-|---------|
1|.........|
2|.........|
3|.........|
4|.........|
5|.........|
6|.........|
7|*........|
8|.........|
9|.........|
-|---------|
Set/unset mines marks or claim a cell as free: > 6 1 free

 |123456789|
-|---------|
1|/////////|
2|/////////|
3|11///////|
4|.1///////|
5|.1///////|
6|.1///////|
7|*2///////|
8|.2/111///|
9|.1/1.1///|
-|---------|
Set/unset mines marks or claim a cell as free: > 1 9 free

 |123456789|
-|---------|
1|/////////|
2|/////////|
3|11///////|
4|.1///////|
5|.1///////|
6|.1///////|
7|*2///////|
8|.2/111///|
9|11/1.1///|
-|---------|
Set/unset mines marks or claim a cell as free: > 5 9 free
You stepped on a mine and failed!

 |123456789|
-|---------|
1|/////////|
2|/////////|
3|11///////|
4|X1///////|
5|.1///////|
6|.1///////|
7|X2///////|
8|X2/111///|
9|11/1X1///|
-|---------|
?[1;31m
Start test 78?[0m
How many mines do you want on the field? > 4

 |123456789|
-|---------|
1|.........|
2|.........|
3|.........|
4|.........|
5|.........|
6|.........|
7|.........|
8|.........|
9|.........|
-|---------|
Set/unset mines marks or claim a cell as free: > 5 3 mine

 |123456789|
-|---------|
1|.........|
2|.........|
3|....*....|
4|.........|
5|.........|
6|.........|
7|.........|
8|.........|
9|.........|
-|---------|
Set/unset mines marks or claim a cell as free: > 3 6 mine

 |123456789|
-|---------|
1|.........|
2|.........|
3|....*....|
4|.........|
5|.........|
6|..*......|
7|.........|
8|.........|
9|.........|
-|---------|
Set/unset mines marks or claim a cell as free: > 2 2 free

 |123456789|
-|---------|
1|///1.1///|
2|///1.1///|
3|///11211/|
4|/////1.1/|
5|/////111/|
6|/////////|
7|///1221//|
8|///1..1//|
9|///1..1//|
-|---------|
Set/unset mines marks or claim a cell as free: > 5 8 mine

 |123456789|
-|---------|
1|///1.1///|
2|///1.1///|
3|///11211/|
4|/////1.1/|
5|/////111/|
6|/////////|
7|///1221//|
8|///1*.1//|
9|///1..1//|
-|---------|
Set/unset mines marks or claim a cell as free: > 5 8 mine

 |123456789|
-|---------|
1|///1.1///|
2|///1.1///|
3|///11211/|
4|/////1.1/|
5|/////111/|
6|/////////|
7|///1221//|
8|///1..1//|
9|///1..1//|
-|---------|
Set/unset mines marks or claim a cell as free: > 7 4 free
You stepped on a mine and failed!

 |123456789|
-|---------|
1|///1.1///|
2|///1X1///|
3|///11211/|
4|/////1X1/|
5|/////111/|
6|/////////|
7|///1221//|
8|///1XX1//|
9|///1..1//|
-|---------|
?[1;31m
Start test 79?[0m
How many mines do you want on the field? > 4

 |123456789|
-|---------|
1|.........|
2|.........|
3|.........|
4|.........|
5|.........|
6|.........|
7|.........|
8|.........|
9|.........|
-|---------|
Set/unset mines marks or claim a cell as free: > 4 6 free

 |123456789|
-|---------|
1|/////////|
2|///111///|
3|///1.1///|
4|///111/11|
5|///////1.|
6|111////11|
7|..1//////|
8|..2//////|
9|..1//////|
-|---------|
Set/unset mines marks or claim a cell as free: > 1 9 free

 |123456789|
-|---------|
1|/////////|
2|///111///|
3|///1.1///|
4|///111/11|
5|///////1.|
6|111////11|
7|..1//////|
8|..2//////|
9|1.1//////|
-|---------|
Set/unset mines marks or claim a cell as free: > 2 7 free
You stepped on a mine and failed!

 |123456789|
-|---------|
1|/////////|
2|///111///|
3|///1X1///|
4|///111/11|
5|///////1X|
6|111////11|
7|.X1//////|
8|..2//////|
9|1X1//////|
[...]

 |123456789|
-|---------|
1|.........|
2|.........|
3|.........|
4|.........|
5|.....2...|
6|.........|
7|.........|
8|.......*.|
9|.........|
-|---------|
Set/unset mines marks or claim a cell as free: > 7 2 free

 |123456789|
-|---------|
1|.........|
2|......2..|
3|.........|
4|.........|
5|.....2...|
6|.........|
7|.........|
8|.......*.|
9|.........|
-|---------|
Set/unset mines marks or claim a cell as free: > 2 7 mine

 |123456789|
-|---------|
1|.........|
2|......2..|
3|.........|
4|.........|
5|.....2...|
6|.........|
7|.*.......|
8|.......*.|
9|.........|
-|---------|
Set/unset mines marks or claim a cell as free: > 8 8 mine

 |123456789|
-|---------|
1|.........|
2|......2..|
3|.........|
4|.........|
5|.....2...|
6|.........|
7|.*.......|
8|.........|
9|.........|
-|---------|
Set/unset mines marks or claim a cell as free: > 2 7 mine

 |123456789|
-|---------|
1|.........|
2|......2..|
3|.........|
4|.........|
5|.....2...|
6|.........|
7|.........|
8|.........|
9|.........|
-|---------|
Set/unset mines marks or claim a cell as free: > 1 9 free
You stepped on a mine and failed!

 |123456789|
-|---------|
1|.XXX.....|
2|.XX..X2..|
3|X....X..X|
4|.X.X.....|
5|....X2...|
6|X...X..X.|
7|....XX...|
8|XX.X.....|
9|XX.X.XX..|
-|---------|
?[1;31m
Start test 99?[0m
How many mines do you want on the field? > 30

 |123456789|
-|---------|
1|.........|
2|.........|
3|.........|
4|.........|
5|.........|
6|.........|
7|.........|
8|.........|
9|.........|
-|---------|
Set/unset mines marks or claim a cell as free: > 3 6 free

 |123456789|
-|---------|
1|.........|
2|.........|
3|.........|
4|.........|
5|.........|
6|..3......|
7|.........|
8|.........|
9|.........|
-|---------|
Set/unset mines marks or claim a cell as free: > 4 3 free

 |123456789|
-|---------|
1|.........|
2|.........|
3|...2.....|
4|.........|
5|.........|
6|..3......|
7|.........|
8|.........|
9|.........|
-|---------|
Set/unset mines marks or claim a cell as free: > 4 9 free

 |123456789|
-|---------|
1|.........|
2|.........|
3|...2.....|
4|.........|
5|.........|
6|..3......|
7|.........|
8|.........|
9|...3.....|
-|---------|
Set/unset mines marks or claim a cell as free: > 9 5 free
You stepped on a mine and failed!

 |123456789|
-|---------|
1|X....XX.X|
2|..X..X.X.|
3|X..2.XX..|
4|.X.X....X|
5|XXX.XX..X|
6|X.3..X..X|
7|.X...X.X.|
8|.X.XX....|
9|.X.3X....|
-|---------|
?[1;31m
Start test 100?[0m
How many mines do you want on the field? > 30

 |123456789|
-|---------|
1|.........|
2|.........|
3|.........|
4|.........|
5|.........|
6|.........|
7|.........|
8|.........|
9|.........|
-|---------|
Set/unset mines marks or claim a cell as free: > 9 5 free

 |123456789|
-|---------|
1|.........|
2|.........|
3|.........|
4|.........|
5|........2|
6|.........|
7|.........|
8|.........|
9|.........|
-|---------|
Set/unset mines marks or claim a cell as free: > 1 9 free

 |123456789|
-|---------|
1|.........|
2|.........|
3|.........|
4|.........|
5|........2|
6|.........|
7|.........|
8|.........|
9|1........|
-|---------|
Set/unset mines marks or claim a cell as free: > 1 4 free

 |123456789|
-|---------|
1|.........|
2|.........|
3|.........|
4|4........|
5|........2|
6|.........|
7|.........|
8|.........|
9|1........|
-|---------|
Set/unset mines marks or claim a cell as free: > 2 7 free

 |123456789|
-|---------|
1|.........|
2|.........|
3|.........|
4|4........|
5|........2|
6|.........|
7|.3.......|
8|.........|
9|1........|
-|---------|
Set/unset mines marks or claim a cell as free: > 4 1 mine

 |123456789|
-|---------|
1|...*.....|
2|.........|
3|.........|
4|4........|
5|........2|
6|.........|
7|.3.......|
8|.........|
9|1........|
-|---------|
Set/unset mines marks or claim a cell as free: > 7 8 mine

 |123456789|
-|---------|
1|...*.....|
2|.........|
3|.........|
4|4........|
5|........2|
6|.........|
7|.3.......|
8|......*..|
9|1........|
-|---------|
Set/unset mines marks or claim a cell as free: > 3 5 mine

 |123456789|
-|---------|
1|...*.....|
2|.........|
3|.........|
4|4........|
5|..*.....2|
6|.........|
7|.3.......|
8|......*..|
9|1........|
-|---------|
Set/unset mines marks or claim a cell as free: > 3 5 mine

 |123456789|
-|---------|
1|...*.....|
2|.........|
3|.........|
4|4........|
5|........2|
6|.........|
7|.3.......|
8|......*..|
9|1........|
-|---------|
Set/unset mines marks or claim a cell as free: > 4 8 mine

 |123456789|
-|---------|
1|...*.....|
2|.........|
3|.........|
4|4........|
5|........2|
6|.........|
7|.3.......|
8|...*..*..|
9|1........|
-|---------|
Set/unset mines marks or claim a cell as free: > 2 9 free

 |123456789|
-|---------|
1|...*.....|
2|.........|
3|.........|
4|4........|
5|........2|
6|.........|
7|.3.......|
8|...*..*..|
9|12.......|
-|---------|
Set/unset mines marks or claim a cell as free: > 4 1 mine

 |123456789|
-|---------|
1|.........|
2|.........|
3|.........|
4|4........|
5|........2|
6|.........|
7|.3.......|
8|...*..*..|
9|12.......|
-|---------|
Set/unset mines marks or claim a cell as free: > 9 9 free
You stepped on a mine and failed!

 |123456789|
-|---------|
1|..X...X..|
2|....X...X|
3|XX...X.X.|
4|4XX.X...X|
5|.X.X..X.2|
6|X.X..XX.X|
7|.3..XX..X|
8|X..X..*XX|
9|12X..X..X|
-|---------|
?[1;31m
Start test 101?[0m
How many mines do you want on the field? > 35

 |123456789|
-|---------|
1|.........|
2|.........|
3|.........|
4|.........|
5|.........|
6|.........|
7|.........|
8|.........|
9|.........|
-|---------|
Set/unset mines marks or claim a cell as free: > 3 3 mine

 |123456789|
-|---------|
1|.........|
2|.........|
3|..*......|
4|.........|
5|.........|
6|.........|
7|.........|
8|.........|
9|.........|
-|---------|
Set/unset mines marks or claim a cell as free: > 9 5 free

 |123456789|
-|---------|
1|.........|
2|.........|
3|..*......|
4|.........|
5|........4|
6|.........|
7|.........|
8|.........|
9|.........|
-|---------|
Set/unset mines marks or claim a cell as free: > 7 9 mine

 |123456789|
-|---------|
1|.........|
2|.........|
3|..*......|
4|.........|
5|........4|
6|.........|
7|.........|
8|.........|
9|......*..|
-|---------|
Set/unset mines marks or claim a cell as free: > 4 3 free
You stepped on a mine and failed!

 |123456789|
-|---------|
1|..X....XX|
2|XX....XXX|
3|.X*X.X...|
4|XXXX...XX|
5|.X....X.4|
6|.X..X.XXX|
7|XX.......|
8|XX......X|
9|XXXXX.X..|
-|---------|
?[1;31m
Start test 102?[0m
How many mines do you want on the field? > 35

 |123456789|
-|---------|
1|.........|
2|.........|
3|.........|
4|.........|
5|.........|
6|.........|
7|.........|
8|.........|
9|.........|
-|---------|
Set/unset mines marks or claim a cell as free: > 2 8 mine

 |123456789|
-|---------|
1|.........|
2|.........|
3|.........|
4|.........|
5|.........|
6|.........|
7|.........|
8|.*.......|
9|.........|
-|---------|
Set/unset mines marks or claim a cell as free: > 2 8 mine

 |123456789|
-|---------|
1|.........|
2|.........|
3|.........|
4|.........|
5|.........|
6|.........|
7|.........|
8|.........|
9|.........|
-|---------|
Set/unset mines marks or claim a cell as free: > 8 3 free

 |123456789|
-|---------|
1|.........|
2|.........|
3|.......2.|
4|.........|
5|.........|
6|.........|
7|.........|
8|.........|
9|.........|
-|---------|
Set/unset mines marks or claim a cell as free: > 7 1 free
You stepped on a mine and failed!

 |123456789|
-|---------|
1|X.XX..X.X|
2|XX....X..|
3|X...X..2.|
4|X...XX..X|
5|.XXX..XX.|
6|XX...XXX.|
7|X..X.X.X.|
8|....XXXX.|
9|...X.X..X|
-|---------|
?[1;31m
Start test 103?[0m
How many mines do you want on the field? > 40

 |123456789|
-|---------|
1|.........|
2|.........|
3|.........|
4|.........|
5|.........|
6|.........|
7|.........|
8|.........|
9|.........|
-|---------|
Set/unset mines marks or claim a cell as free: > 9 5 free

 |123456789|
-|---------|
1|.........|
2|.........|
3|.........|
4|.........|
5|........2|
6|.........|
7|.........|
8|.........|
9|.........|
-|---------|
Set/unset mines marks or claim a cell as free: > 1 7 free
You stepped on a mine and failed!

 |123456789|
-|---------|
1|.XXXX..XX|
2|......X.X|
3|XXXX...X.|
4|XX.X..XXX|
5|.X...XX.2|
6|XX..XX...|
7|XX...XX.X|
8|XX..X..XX|
9|X...XX..X|
-|---------|
?[1;31m
Start test 104?[0m
How many mines do you want on the field? > 40

 |123456789|
-|---------|
1|.........|
2|.........|
3|.........|
4|.........|
5|.........|
6|.........|
7|.........|
8|.........|
9|.........|
-|---------|
Set/unset mines marks or claim a cell as free: > 6 6 free

 |123456789|
-|---------|
1|.........|
2|.........|
3|.........|
4|.........|
5|.........|
6|.....2...|
7|.........|
8|.........|
9|.........|
-|---------|
Set/unset mines marks or claim a cell as free: > 3 7 free
You stepped on a mine and failed!

 |123456789|
-|---------|
1|.X..X.XX.|
2|X.XXXX...|
3|XXX.XXXX.|
4|.XXXX.XX.|
5|X..X.....|
6|X.X.X2...|
7|..XXX..XX|
8|..XX.X...|
9|XXXX...X.|
-|---------|
?[1;31m
Start test 105?[0m
How many mines do you want on the field? > 45

 |123456789|
-|---------|
1|.........|
2|.........|
3|.........|
4|.........|
5|.........|
6|.........|
7|.........|
8|.........|
9|.........|
-|---------|
Set/unset mines marks or claim a cell as free: > 9 4 free

 |123456789|
-|---------|
1|.........|
2|.........|
3|.........|
4|........3|
5|.........|
6|.........|
7|.........|
8|.........|
9|.........|
-|---------|
Set/unset mines marks or claim a cell as free: > 3 3 mine

 |123456789|
-|---------|
1|.........|
2|.........|
3|..*......|
4|........3|
5|.........|
6|.........|
7|.........|
8|.........|
9|.........|
-|---------|
Set/unset mines marks or claim a cell as free: > 2 9 mine

 |123456789|
-|---------|
1|.........|
2|.........|
3|..*......|
4|........3|
5|.........|
6|.........|
7|.........|
8|.........|
9|.*.......|
-|---------|
Set/unset mines marks or claim a cell as free: > 7 7 free

 |123456789|
-|---------|
1|.........|
2|.........|
3|..*......|
4|........3|
5|.........|
6|.........|
7|......5..|
8|.........|
9|.*.......|
-|---------|
Set/unset mines marks or claim a cell as free: > 2 7 free

 |123456789|
-|---------|
1|.........|
2|.........|
3|..*......|
4|........3|
5|.........|
6|.........|
7|.5....5..|
8|.........|
9|.*.......|
-|---------|
Set/unset mines marks or claim a cell as free: > 6 7 free

 |123456789|
-|---------|
1|.........|
2|.........|
3|..*......|
4|........3|
5|.........|
6|.........|
7|.5...45..|
8|.........|
9|.*.......|
-|---------|
Set/unset mines marks or claim a cell as free: > 9 1 free
You stepped on a mine and failed!

 |123456789|
-|---------|
1|.X.XXX.XX|
2|.XXXX..XX|
3|.XXX..XXX|
4|X..XX..X3|
5|XXX.X....|
6|XX.X.XXXX|
7|X5...45XX|
8|.XX.X.X..|
9|.*..XXXXX|
-|---------|
?[1;31m
Start test 106?[0m
How many mines do you want on the field? > 45

 |123456789|
-|---------|
1|.........|
2|.........|
3|.........|
4|.........|
5|.........|
6|.........|
7|.........|
8|.........|
9|.........|
-|---------|
Set/unset mines marks or claim a cell as free: > 6 9 free

 |123456789|
-|---------|
1|.........|
2|.........|
3|.........|
4|.........|
5|.........|
6|.........|
7|.........|
8|.........|
9|.....3...|
-|---------|
Set/unset mines marks or claim a cell as free: > 4 5 mine

 |123456789|
-|---------|
1|.........|
2|.........|
3|.........|
4|.........|
5|...*.....|
6|.........|
7|.........|
8|.........|
9|.....3...|
-|---------|
Set/unset mines marks or claim a cell as free: > 3 6 free
You stepped on a mine and failed!

 |123456789|
-|---------|
1|.XXXX.XX.|
2|XXXXX....|
3|X.XXXX.XX|
4|XXX......|
5|XX.*XX.XX|
6|.XX.X..XX|
7|.XXX...XX|
8|.X..XX...|
9|.XX.X3.XX|
-|---------|
?[1;31m
Start test 107?[0m
How many mines do you want on the field? > 50

 |123456789|
-|---------|
1|.........|
2|.........|
3|.........|
4|.........|
5|.........|
6|.........|
7|.........|
8|.........|
9|.........|
-|---------|
Set/unset mines marks or claim a cell as free: > 6 8 mine

 |123456789|
-|---------|
1|.........|
2|.........|
3|.........|
4|.........|
5|.........|
6|.........|
7|.........|
8|.....*...|
9|.........|
-|---------|
Set/unset mines marks or claim a cell as free: > 2 2 free

 |123456789|
-|---------|
1|.........|
2|.6.......|
3|.........|
4|.........|
5|.........|
6|.........|
7|.........|
8|.....*...|
9|.........|
-|---------|
Set/unset mines marks or claim a cell as free: > 6 8 mine

 |123456789|
-|---------|
1|.........|
2|.6.......|
3|.........|
4|.........|
5|.........|
6|.........|
7|.........|
8|.........|
9|.........|
-|---------|
Set/unset mines marks or claim a cell as free: > 8 9 mine

 |123456789|
-|---------|
1|.........|
2|.6.......|
3|.........|
4|.........|
5|.........|
6|.........|
7|.........|
8|.........|
9|.......*.|
-|---------|
Set/unset mines marks or claim a cell as free: > 9 7 free
You stepped on a mine and failed!

 |123456789|
-|---------|
1|XXXX.X..X|
2|X6X.X.XXX|
3|..X.X..XX|
4|.XXX.XX.X|
5|XXX..XXXX|
6|XX.X.XXX.|
7|X.X..XXXX|
8|X..X..XXX|
9|....XX.XX|
-|---------|
?[1;31m
Start test 108?[0m
How many mines do you want on the field? > 50

 |123456789|
-|---------|
1|.........|
2|.........|
3|.........|
4|.........|
5|.........|
6|.........|
7|.........|
8|.........|
9|.........|
-|---------|
Set/unset mines marks or claim a cell as free: > 5 3 mine

 |123456789|
-|---------|
1|.........|
2|.........|
3|....*....|
4|.........|
5|.........|
6|.........|
7|.........|
8|.........|
9|.........|
-|---------|
Set/unset mines marks or claim a cell as free: > 9 7 mine

 |123456789|
-|---------|
1|.........|
2|.........|
3|....*....|
4|.........|
5|.........|
6|.........|
7|........*|
8|.........|
9|.........|
-|---------|
Set/unset mines marks or claim a cell as free: > 3 8 free

 |123456789|
-|---------|
1|.........|
2|.........|
3|....*....|
4|.........|
5|.........|
6|.........|
7|........*|
8|..6......|
9|.........|
-|---------|
Set/unset mines marks or claim a cell as free: > 9 6 mine

 |123456789|
-|---------|
1|.........|
2|.........|
3|....*....|
4|.........|
5|.........|
6|........*|
7|........*|
8|..6......|
9|.........|
-|---------|
Set/unset mines marks or claim a cell as free: > 5 2 free
You stepped on a mine and failed!

 |123456789|
-|---------|
1|XXXXXXXX.|
2|X.X.X.XXX|
3|.XXXX.X.X|
4|..X.X.X.X|
5|.XXX...XX|
6|...XXX.XX|
7|XX.XX.X.*|
8|XX6XXXXXX|
9|.X.X...X.|
-|---------|
?[1;31m
Start test 109?[0m
How many mines do you want on the field? > 55

 |123456789|
-|---------|
1|.........|
2|.........|
3|.........|
4|.........|
5|.........|
6|.........|
7|.........|
8|.........|
9|.........|
-|---------|
Set/unset mines marks or claim a cell as free: > 1 8 free

 |123456789|
-|---------|
1|.........|
2|.........|
3|.........|
4|.........|
5|.........|
6|.........|
7|.........|
8|2........|
9|.........|
-|---------|
Set/unset mines marks or claim a cell as free: > 3 9 free
You stepped on a mine and failed!

 |123456789|
-|---------|
1|.XX.X...X|
2|XXX.XX.XX|
3|..X.XXXXX|
4|XXX.XX..X|
5|XXXXXX.XX|
6|X.X.X.X.X|
7|X.XX.XX.X|
8|2.XXX.XXX|
9|X.XXXXX.X|
-|---------|
?[1;31m
Start test 110?[0m
How many mines do you want on the field? > 55

 |123456789|
-|---------|
1|.........|
2|.........|
3|.........|
4|.........|
5|.........|
6|.........|
7|.........|
8|.........|
9|.........|
-|---------|
Set/unset mines marks or claim a cell as free: > 6 8 free

 |123456789|
-|---------|
1|.........|
2|.........|
3|.........|
4|.........|
5|.........|
6|.........|
7|.........|
8|.....5...|
9|.........|
-|---------|
Set/unset mines marks or claim a cell as free: > 3 7 mine

 |123456789|
-|---------|
1|.........|
2|.........|
3|.........|
4|.........|
5|.........|
6|.........|
7|..*......|
8|.....5...|
9|.........|
-|---------|
Set/unset mines marks or claim a cell as free: > 8 2 mine

 |123456789|
-|---------|
1|.........|
2|.......*.|
3|.........|
4|.........|
5|.........|
6|.........|
7|..*......|
8|.....5...|
9|.........|
-|---------|
Set/unset mines marks or claim a cell as free: > 7 8 free
You stepped on a mine and failed!

 |123456789|
-|---------|
1|XXX...XXX|
2|XX.....XX|
3|XXX.XXX.X|
4|.XXXXX.XX|
5|X.XXXX.XX|
6|XXXXXXXX.|
7|.X*X.XX.X|
8|XX...5XX.|
9|.XXXX.XXX|
-|---------|
?[1;31m
Start test 111?[0m
How many mines do you want on the field? > 60

 |123456789|
-|---------|
1|.........|
2|.........|
3|.........|
4|.........|
5|.........|
6|.........|
7|.........|
8|.........|
9|.........|
-|---------|
Set/unset mines marks or claim a cell as free: > 6 9 free

 |123456789|
-|---------|
1|.........|
2|.........|
3|.........|
4|.........|
5|.........|
6|.........|
7|.........|
8|.........|
9|.....3...|
-|---------|
Set/unset mines marks or claim a cell as free: > 7 2 mine

 |123456789|
-|---------|
1|.........|
2|......*..|
3|.........|
4|.........|
5|.........|
6|.........|
7|.........|
8|.........|
9|.....3...|
-|---------|
Set/unset mines marks or claim a cell as free: > 7 6 free
You stepped on a mine and failed!

 |123456789|
-|---------|
1|X.X.XXXX.|
2|XX...XXXX|
3|XXXXXXXXX|
4|XXXX.XXXX|
5|XX.XXXXXX|
6|XXXX.XX.X|
7|.X.XXX..X|
8|X.X..X.XX|
9|XXX.X3XX.|
-|---------|
?[1;31m
Start test 112?[0m
How many mines do you want on the field? > 60

 |123456789|
-|---------|
1|.........|
2|.........|
3|.........|
4|.........|
5|.........|
6|.........|
7|.........|
8|.........|
9|.........|
-|---------|
Set/unset mines marks or claim a cell as free: > 9 6 free

 |123456789|
-|---------|
1|.........|
2|.........|
3|.........|
4|.........|
5|.........|
6|........2|
7|.........|
8|.........|
9|.........|
-|---------|
Set/unset mines marks or claim a cell as free: > 3 9 free
You stepped on a mine and failed!

 |123456789|
-|---------|
1|XX.XX.X.X|
2|XXXXXXXXX|
3|X.XXXX.X.|
4|XXXX.XXXX|
5|XX.XX...X|
6|XXXXXX.X2|
7|XX.XX.X..|
8|.XXXXX.X.|
9|.XXXXXXXX|
-|---------|
?[1;31m
Start test 113?[0m
How many mines do you want on the field? > 65

 |123456789|
-|---------|
1|.........|
2|.........|
3|.........|
4|.........|
5|.........|
6|.........|
7|.........|
8|.........|
9|.........|
-|---------|
Set/unset mines marks or claim a cell as free: > 5 2 free

 |123456789|
-|---------|
1|.........|
2|....7....|
3|.........|
4|.........|
5|.........|
6|.........|
7|.........|
8|.........|
9|.........|
-|---------|
Set/unset mines marks or claim a cell as free: > 9 9 free

 |123456789|
-|---------|
1|.........|
2|....7....|
3|.........|
4|.........|
5|.........|
6|.........|
7|.........|
8|.........|
9|........2|
-|---------|
Set/unset mines marks or claim a cell as free: > 6 5 free

 |123456789|
-|---------|
1|.........|
2|....7....|
3|.........|
4|.........|
5|.....7...|
6|.........|
7|.........|
8|.........|
9|........2|
-|---------|
Set/unset mines marks or claim a cell as free: > 3 6 free
You stepped on a mine and failed!

 |123456789|
-|---------|
1|XXXX.XXXX|
2|X.XX7XXXX|
3|XXXXXX..X|
4|XXXX.XXXX|
5|XXXXX7XXX|
6|X.XXXXXXX|
7|XX.XXXX.X|
8|.XXXX.XXX|
9|XXX.X.X.2|
-|---------|
?[1;31m
Start test 114?[0m
How many mines do you want on the field? > 65

 |123456789|
-|---------|
1|.........|
2|.........|
3|.........|
4|.........|
5|.........|
6|.........|
7|.........|
8|.........|
9|.........|
-|---------|
Set/unset mines marks or claim a cell as free: > 3 8 mine

 |123456789|
-|---------|
1|.........|
2|.........|
3|.........|
4|.........|
5|.........|
6|.........|
7|.........|
8|..*......|
9|.........|
-|---------|
Set/unset mines marks or claim a cell as free: > 7 6 free

 |123456789|
-|---------|
1|.........|
2|.........|
3|.........|
4|.........|
5|.........|
6|......5..|
7|.........|
8|..*......|
9|.........|
-|---------|
Set/unset mines marks or claim a cell as free: > 3 8 mine

 |123456789|
-|---------|
1|.........|
2|.........|
3|.........|
4|.........|
5|.........|
6|......5..|
7|.........|
8|.........|
9|.........|
-|---------|
Set/unset mines marks or claim a cell as free: > 1 7 free
You stepped on a mine and failed!

 |123456789|
-|---------|
1|XXXX...XX|
2|XXXXXXXXX|
3|XXXXXXXXX|
4|XXXX.X..X|
5|X..XXX.XX|
6|XXXXXX5.X|
7|X..XXX.XX|
8|XXXXXXXXX|
9|..XXXXXXX|
-|---------|
]]></system-out>
  <system-err><![CDATA[]]></system-err>
</testsuite>
